<?xml version="1.0" encoding="utf-8"?>
<!DOCTYPE coverage SYSTEM "http://cobertura.sourceforge.net/xml/coverage-04.dtd">
<coverage line-rate="0.924528301886792" branch-rate="0.8" lines-covered="49" lines-valid="53" branches-covered="8" branches-valid="10" complexity="24" version="0" timestamp="1725106034">
  <sources>
    <source>D:\E\OOP\UnitTest\Employee\</source>
    <source>C:\</source>
  </sources>
  <packages>
    <package name="Employee" line-rate="0.857142857142857" branch-rate="0.8" complexity="15">
      <classes>
        <class name="Employee.EmployeeSalary" filename="D:\E\OOP\UnitTest\Employee\Employee\EmployeeSalary.cs" line-rate="1" branch-rate="0.8" complexity="10">
          <methods>
            <method name="GetSalary" signature="(...)" line-rate="1" branch-rate="0.8" complexity="10">
              <lines>
                <line number="12" hits="5" branch="false" />
                <line number="13" hits="5" branch="true" condition-coverage="100% (2/2)" />
                <line number="14" hits="1" branch="false" />
                <line number="15" hits="4" branch="true" condition-coverage="75% (3/4)" />
                <line number="16" hits="2" branch="false" />
                <line number="17" hits="2" branch="false" />
                <line number="19" hits="2" branch="true" condition-coverage="75% (3/4)" />
                <line number="20" hits="1" branch="false" />
                <line number="21" hits="1" branch="false" />
                <line number="24" hits="1" branch="false" />
                <line number="25" hits="4" branch="false" />
              </lines>
            </method>
          </methods>
          <lines>
            <line number="12" hits="5" branch="false" />
            <line number="13" hits="5" branch="true" condition-coverage="100% (2/2)" />
            <line number="14" hits="1" branch="false" />
            <line number="15" hits="4" branch="true" condition-coverage="75% (3/4)" />
            <line number="16" hits="2" branch="false" />
            <line number="17" hits="2" branch="false" />
            <line number="19" hits="2" branch="true" condition-coverage="75% (3/4)" />
            <line number="20" hits="1" branch="false" />
            <line number="21" hits="1" branch="false" />
            <line number="24" hits="1" branch="false" />
            <line number="25" hits="4" branch="false" />
          </lines>
        </class>
        <class name="Employee.Order" filename="D:\E\OOP\UnitTest\Employee\Employee\IOrderRepository.cs" line-rate="1" branch-rate="1" complexity="2">
          <methods>
            <method name="get_Id" signature="()" line-rate="1" branch-rate="1" complexity="1">
              <lines>
                <line number="16" hits="2" branch="false" />
              </lines>
            </method>
            <method name="get_ProductName" signature="()" line-rate="1" branch-rate="1" complexity="1">
              <lines>
                <line number="17" hits="2" branch="false" />
              </lines>
            </method>
          </methods>
          <lines>
            <line number="16" hits="2" branch="false" />
            <line number="17" hits="2" branch="false" />
          </lines>
        </class>
        <class name="Employee.OrderService" filename="D:\E\OOP\UnitTest\Employee\Employee\OrderService.cs" line-rate="1" branch-rate="1" complexity="2">
          <methods>
            <method name="GetOrderById" signature="(...)" line-rate="1" branch-rate="1" complexity="1">
              <lines>
                <line number="17" hits="1" branch="false" />
              </lines>
            </method>
            <method name=".ctor" signature="(...)" line-rate="1" branch-rate="1" complexity="1">
              <lines>
                <line number="12" hits="1" branch="false" />
                <line number="13" hits="1" branch="false" />
                <line number="14" hits="1" branch="false" />
                <line number="15" hits="1" branch="false" />
              </lines>
            </method>
          </methods>
          <lines>
            <line number="12" hits="1" branch="false" />
            <line number="13" hits="1" branch="false" />
            <line number="14" hits="1" branch="false" />
            <line number="15" hits="1" branch="false" />
            <line number="17" hits="1" branch="false" />
          </lines>
        </class>
        <class name="Program" filename="D:\E\OOP\UnitTest\Employee\Employee\Program.cs" line-rate="0" branch-rate="1" complexity="1">
          <methods>
            <method name="&lt;Main&gt;$" signature="(...)" line-rate="0" branch-rate="1" complexity="1">
              <lines>
                <line number="3" hits="0" branch="false" />
                <line number="4" hits="0" branch="false" />
                <line number="5" hits="0" branch="false" />
              </lines>
            </method>
          </methods>
          <lines>
            <line number="3" hits="0" branch="false" />
            <line number="4" hits="0" branch="false" />
            <line number="5" hits="0" branch="false" />
          </lines>
        </class>
      </classes>
    </package>
    <package name="EmployeeXUnitTest" line-rate="0.96875" branch-rate="1" complexity="9">
      <classes>
        <class name="AutoGeneratedProgram" filename="C:\Users\Mia\.nuget\packages\microsoft.net.test.sdk\17.8.0\build\netcoreapp3.1\Microsoft.NET.Test.Sdk.Program.cs" line-rate="0" branch-rate="1" complexity="1">
          <methods>
            <method name="Main" signature="(...)" line-rate="0" branch-rate="1" complexity="1">
              <lines>
                <line number="4" hits="0" branch="false" />
              </lines>
            </method>
          </methods>
          <lines>
            <line number="4" hits="0" branch="false" />
          </lines>
        </class>
        <class name="EmployeeXUnitTest.GetSalaryXUnitTest" filename="D:\E\OOP\UnitTest\Employee\EmployeeXUnitTest\GetSalaryXUnitTest.cs" line-rate="1" branch-rate="1" complexity="4">
          <methods>
            <method name="get__employeeSalary" signature="()" line-rate="1" branch-rate="1" complexity="1">
              <lines>
                <line number="7" hits="12" branch="false" />
              </lines>
            </method>
            <method name="GetSalaryByGradeXUnit" signature="()" line-rate="1" branch-rate="1" complexity="1">
              <lines>
                <line number="14" hits="1" branch="false" />
                <line number="17" hits="1" branch="false" />
                <line number="20" hits="1" branch="false" />
                <line number="23" hits="1" branch="false" />
                <line number="24" hits="1" branch="false" />
              </lines>
            </method>
            <method name="GetSalarybyGradeParameter" signature="(...)" line-rate="1" branch-rate="1" complexity="1">
              <lines>
                <line number="32" hits="3" branch="false" />
                <line number="36" hits="3" branch="false" />
                <line number="38" hits="3" branch="false" />
                <line number="39" hits="3" branch="false" />
              </lines>
            </method>
            <method name=".ctor" signature="()" line-rate="1" branch-rate="1" complexity="1">
              <lines>
                <line number="8" hits="4" branch="false" />
                <line number="9" hits="4" branch="false" />
                <line number="10" hits="4" branch="false" />
                <line number="11" hits="4" branch="false" />
              </lines>
            </method>
          </methods>
          <lines>
            <line number="7" hits="12" branch="false" />
            <line number="8" hits="4" branch="false" />
            <line number="9" hits="4" branch="false" />
            <line number="10" hits="4" branch="false" />
            <line number="11" hits="4" branch="false" />
            <line number="14" hits="1" branch="false" />
            <line number="17" hits="1" branch="false" />
            <line number="20" hits="1" branch="false" />
            <line number="23" hits="1" branch="false" />
            <line number="24" hits="1" branch="false" />
            <line number="32" hits="3" branch="false" />
            <line number="36" hits="3" branch="false" />
            <line number="38" hits="3" branch="false" />
            <line number="39" hits="3" branch="false" />
          </lines>
        </class>
        <class name="EmployeeXUnitTest.OrderServiceTest" filename="D:\E\OOP\UnitTest\Employee\EmployeeXUnitTest\OrderServiceTest.cs" line-rate="1" branch-rate="1" complexity="1">
          <methods>
            <method name="GetOrderByIdInCorrectOrder" signature="()" line-rate="1" branch-rate="1" complexity="1">
              <lines>
                <line number="15" hits="1" branch="false" />
                <line number="17" hits="1" branch="false" />
                <line number="18" hits="1" branch="false" />
                <line number="19" hits="1" branch="false" />
                <line number="22" hits="1" branch="false" />
                <line number="24" hits="1" branch="false" />
                <line number="25" hits="1" branch="false" />
                <line number="26" hits="1" branch="false" />
              </lines>
            </method>
          </methods>
          <lines>
            <line number="15" hits="1" branch="false" />
            <line number="17" hits="1" branch="false" />
            <line number="18" hits="1" branch="false" />
            <line number="19" hits="1" branch="false" />
            <line number="22" hits="1" branch="false" />
            <line number="24" hits="1" branch="false" />
            <line number="25" hits="1" branch="false" />
            <line number="26" hits="1" branch="false" />
          </lines>
        </class>
        <class name="EmployeeXUnitTest.ThrowsDivedByZeroExceptionTest" filename="D:\E\OOP\UnitTest\Employee\EmployeeXUnitTest\ThrowsDivedByZeroExceptionTest.cs" line-rate="1" branch-rate="1" complexity="3">
          <methods>
            <method name="get__employeeSalary" signature="()" line-rate="1" branch-rate="1" complexity="1">
              <lines>
                <line number="12" hits="3" branch="false" />
              </lines>
            </method>
            <method name="GetDividedByZeroException" signature="()" line-rate="1" branch-rate="1" complexity="1">
              <lines>
                <line number="19" hits="1" branch="false" />
                <line number="21" hits="1" branch="false" />
                <line number="27" hits="2" branch="false" />
                <line number="28" hits="1" branch="false" />
              </lines>
            </method>
            <method name=".ctor" signature="()" line-rate="1" branch-rate="1" complexity="1">
              <lines>
                <line number="13" hits="1" branch="false" />
                <line number="14" hits="1" branch="false" />
                <line number="15" hits="1" branch="false" />
                <line number="16" hits="1" branch="false" />
              </lines>
            </method>
          </methods>
          <lines>
            <line number="12" hits="3" branch="false" />
            <line number="13" hits="1" branch="false" />
            <line number="14" hits="1" branch="false" />
            <line number="15" hits="1" branch="false" />
            <line number="16" hits="1" branch="false" />
            <line number="19" hits="1" branch="false" />
            <line number="21" hits="1" branch="false" />
            <line number="27" hits="2" branch="false" />
            <line number="28" hits="1" branch="false" />
          </lines>
        </class>
      </classes>
    </package>
  </packages>
</coverage>