TpTrace Verbose: 0 : 45052, 1, 2024/08/31, 12:07:13.512, 9608535254630, vstest.console.dll, Version: 17.11.0-release-24352-05 Current process architecture: X64
TpTrace Verbose: 0 : 45052, 1, 2024/08/31, 12:07:13.514, 9608535276600, vstest.console.dll, Runtime location: C:\Program Files\dotnet\shared\Microsoft.NETCore.App\8.0.8
TpTrace Verbose: 0 : 45052, 1, 2024/08/31, 12:07:13.516, 9608535296400, vstest.console.dll, ArtifactProcessingPostProcessModeProcessorExecutor.Initialize: ArtifactProcessingMode.Collect
TpTrace Verbose: 0 : 45052, 1, 2024/08/31, 12:07:13.516, 9608535297944, vstest.console.dll, TestSessionCorrelationIdProcessorModeProcessorExecutor.Initialize: TestSessionCorrelationId '9160_7f6a9182-e308-4775-a6a0-1a0834380281'
TpTrace Information: 0 : 45052, 1, 2024/08/31, 12:07:13.522, 9608535356004, vstest.console.dll, FilePatternParser: The given file D:\E\OOP\UnitTest\Employee\EmployeeXUnitTest\bin\Debug\net8.0\fine-code-coverage\build-output\EmployeeXUnitTest.dll is a full path.
TpTrace Verbose: 0 : 45052, 1, 2024/08/31, 12:07:13.526, 9608535397166, vstest.console.dll, TestPluginCache.DiscoverTestExtensions: finding test extensions in assemblies ends with: RuntimeProvider.dll TPluginInfo: Microsoft.VisualStudio.TestPlatform.Common.ExtensionFramework.Utilities.TestRuntimePluginInformation TExtension: Microsoft.VisualStudio.TestPlatform.ObjectModel.Host.ITestRuntimeProvider
TpTrace Verbose: 0 : 45052, 1, 2024/08/31, 12:07:13.526, 9608535400062, vstest.console.dll, TestPluginCache.GetExtensionPaths: Filtered extension paths: 
TpTrace Verbose: 0 : 45052, 1, 2024/08/31, 12:07:13.526, 9608535400715, vstest.console.dll, TestPluginCache.GetExtensionPaths: Added default extension paths: C:\Program Files\dotnet\sdk\8.0.400\Extensions\Microsoft.Diagnostics.NETCore.Client.dll
C:\Program Files\dotnet\sdk\8.0.400\Extensions\Microsoft.TestPlatform.Extensions.BlameDataCollector.dll
C:\Program Files\dotnet\sdk\8.0.400\Extensions\Microsoft.TestPlatform.Extensions.EventLogCollector.dll
C:\Program Files\dotnet\sdk\8.0.400\Extensions\Microsoft.TestPlatform.TestHostRuntimeProvider.dll
C:\Program Files\dotnet\sdk\8.0.400\Extensions\Microsoft.VisualStudio.TestPlatform.Extensions.Html.TestLogger.dll
C:\Program Files\dotnet\sdk\8.0.400\Extensions\Microsoft.VisualStudio.TestPlatform.Extensions.Trx.TestLogger.dll
TpTrace Verbose: 0 : 45052, 1, 2024/08/31, 12:07:13.526, 9608535400938, vstest.console.dll, TestPluginCache.GetExtensionPaths: Added unfilterableExtensionPaths: 
TpTrace Information: 0 : 45052, 1, 2024/08/31, 12:07:13.527, 9608535405383, vstest.console.dll, AssemblyResolver.ctor: Creating AssemblyResolver with searchDirectories C:\Program Files\dotnet\sdk\8.0.400\Extensions,C:\Program Files\dotnet\sdk\8.0.400
TpTrace Verbose: 0 : 45052, 1, 2024/08/31, 12:07:13.528, 9608535418050, vstest.console.dll, TestPluginCache.DiscoverTestExtensions: Discovering the extensions using extension path.
TpTrace Verbose: 0 : 45052, 1, 2024/08/31, 12:07:13.528, 9608535419629, vstest.console.dll, TestPluginCache.GetExtensionPaths: Filtered extension paths: 
TpTrace Verbose: 0 : 45052, 1, 2024/08/31, 12:07:13.528, 9608535419862, vstest.console.dll, TestPluginCache.GetExtensionPaths: Added default extension paths: C:\Program Files\dotnet\sdk\8.0.400\Extensions\Microsoft.Diagnostics.NETCore.Client.dll
C:\Program Files\dotnet\sdk\8.0.400\Extensions\Microsoft.TestPlatform.Extensions.BlameDataCollector.dll
C:\Program Files\dotnet\sdk\8.0.400\Extensions\Microsoft.TestPlatform.Extensions.EventLogCollector.dll
C:\Program Files\dotnet\sdk\8.0.400\Extensions\Microsoft.TestPlatform.TestHostRuntimeProvider.dll
C:\Program Files\dotnet\sdk\8.0.400\Extensions\Microsoft.VisualStudio.TestPlatform.Extensions.Html.TestLogger.dll
C:\Program Files\dotnet\sdk\8.0.400\Extensions\Microsoft.VisualStudio.TestPlatform.Extensions.Trx.TestLogger.dll
TpTrace Verbose: 0 : 45052, 1, 2024/08/31, 12:07:13.528, 9608535420117, vstest.console.dll, TestPluginCache.GetExtensionPaths: Added unfilterableExtensionPaths: 
TpTrace Verbose: 0 : 45052, 1, 2024/08/31, 12:07:13.528, 9608535420529, vstest.console.dll, TestPluginCache.DiscoverTestExtensions: Discovering the extensions using allExtensionPaths: C:\Program Files\dotnet\sdk\8.0.400\Extensions\Microsoft.Diagnostics.NETCore.Client.dll
C:\Program Files\dotnet\sdk\8.0.400\Extensions\Microsoft.TestPlatform.Extensions.BlameDataCollector.dll
C:\Program Files\dotnet\sdk\8.0.400\Extensions\Microsoft.TestPlatform.Extensions.EventLogCollector.dll
C:\Program Files\dotnet\sdk\8.0.400\Extensions\Microsoft.TestPlatform.TestHostRuntimeProvider.dll
C:\Program Files\dotnet\sdk\8.0.400\Extensions\Microsoft.VisualStudio.TestPlatform.Extensions.Html.TestLogger.dll
C:\Program Files\dotnet\sdk\8.0.400\Extensions\Microsoft.VisualStudio.TestPlatform.Extensions.Trx.TestLogger.dll
TpTrace Information: 0 : 45052, 1, 2024/08/31, 12:07:13.529, 9608535421931, vstest.console.dll, AssemblyResolver.AddSearchDirectories: Adding more searchDirectories C:\Program Files\dotnet\sdk\8.0.400\Extensions,C:\Program Files\dotnet\sdk\8.0.400
TpTrace Information: 0 : 45052, 1, 2024/08/31, 12:07:13.529, 9608535422255, vstest.console.dll, AssemblyResolver.AddSearchDirectories: Adding more searchDirectories C:\Program Files\dotnet\sdk\8.0.400\Extensions,C:\Program Files\dotnet\sdk\8.0.400
TpTrace Information: 0 : 45052, 1, 2024/08/31, 12:07:13.529, 9608535422430, vstest.console.dll, AssemblyResolver.AddSearchDirectories: Adding more searchDirectories C:\Program Files\dotnet\sdk\8.0.400\Extensions,C:\Program Files\dotnet\sdk\8.0.400
TpTrace Information: 0 : 45052, 1, 2024/08/31, 12:07:13.529, 9608535422564, vstest.console.dll, AssemblyResolver.AddSearchDirectories: Adding more searchDirectories C:\Program Files\dotnet\sdk\8.0.400\Extensions,C:\Program Files\dotnet\sdk\8.0.400
TpTrace Information: 0 : 45052, 1, 2024/08/31, 12:07:13.529, 9608535422698, vstest.console.dll, AssemblyResolver.AddSearchDirectories: Adding more searchDirectories C:\Program Files\dotnet\sdk\8.0.400\Extensions,C:\Program Files\dotnet\sdk\8.0.400
TpTrace Information: 0 : 45052, 1, 2024/08/31, 12:07:13.529, 9608535422832, vstest.console.dll, AssemblyResolver.AddSearchDirectories: Adding more searchDirectories C:\Program Files\dotnet\sdk\8.0.400\Extensions,C:\Program Files\dotnet\sdk\8.0.400
TpTrace Information: 0 : 45052, 1, 2024/08/31, 12:07:13.529, 9608535427532, vstest.console.dll, AssemblyResolver.OnResolve: Microsoft.Diagnostics.NETCore.Client: Resolving assembly.
TpTrace Information: 0 : 45052, 1, 2024/08/31, 12:07:13.529, 9608535428207, vstest.console.dll, AssemblyResolver.OnResolve: Microsoft.Diagnostics.NETCore.Client: Searching in: 'C:\Program Files\dotnet\sdk\8.0.400\Extensions'.
TpTrace Information: 0 : 45052, 1, 2024/08/31, 12:07:13.535, 9608535484545, vstest.console.dll, AssemblyResolver.OnResolve: Microsoft.Diagnostics.NETCore.Client: Loading assembly 'C:\Program Files\dotnet\sdk\8.0.400\Extensions\Microsoft.Diagnostics.NETCore.Client.dll'.
TpTrace Information: 0 : 45052, 1, 2024/08/31, 12:07:13.535, 9608535490626, vstest.console.dll, AssemblyResolver.OnResolve: Resolved assembly: Microsoft.Diagnostics.NETCore.Client, from path: C:\Program Files\dotnet\sdk\8.0.400\Extensions\Microsoft.Diagnostics.NETCore.Client.dll
TpTrace Verbose: 0 : 45052, 1, 2024/08/31, 12:07:13.540, 9608535533426, vstest.console.dll, MetadataReaderExtensionsHelper: Discovering extensions inside assembly 'Microsoft.Diagnostics.NETCore.Client, Version=0.2.10.30701, Culture=neutral, PublicKeyToken=31bf3856ad364e35' file path 'C:\Program Files\dotnet\sdk\8.0.400\Extensions\Microsoft.Diagnostics.NETCore.Client.dll'
TpTrace Information: 0 : 45052, 1, 2024/08/31, 12:07:13.544, 9608535571915, vstest.console.dll, AssemblyResolver.OnResolve: Microsoft.Bcl.AsyncInterfaces: Resolving assembly.
TpTrace Information: 0 : 45052, 1, 2024/08/31, 12:07:13.544, 9608535572939, vstest.console.dll, AssemblyResolver.OnResolve: Microsoft.Bcl.AsyncInterfaces: Searching in: 'C:\Program Files\dotnet\sdk\8.0.400\Extensions'.
TpTrace Information: 0 : 45052, 1, 2024/08/31, 12:07:13.544, 9608535573565, vstest.console.dll, AssemblyResolver.OnResolve: Microsoft.Bcl.AsyncInterfaces: Assembly path does not exist: 'C:\Program Files\dotnet\sdk\8.0.400\Extensions\Microsoft.Bcl.AsyncInterfaces.dll', returning.
TpTrace Information: 0 : 45052, 1, 2024/08/31, 12:07:13.544, 9608535574337, vstest.console.dll, AssemblyResolver.OnResolve: Microsoft.Bcl.AsyncInterfaces: Assembly path does not exist: 'C:\Program Files\dotnet\sdk\8.0.400\Extensions\Microsoft.Bcl.AsyncInterfaces.exe', returning.
TpTrace Information: 0 : 45052, 1, 2024/08/31, 12:07:13.544, 9608535574562, vstest.console.dll, AssemblyResolver.OnResolve: Microsoft.Bcl.AsyncInterfaces: Searching in: 'C:\Program Files\dotnet\sdk\8.0.400'.
TpTrace Information: 0 : 45052, 1, 2024/08/31, 12:07:13.544, 9608535574860, vstest.console.dll, AssemblyResolver.OnResolve: Microsoft.Bcl.AsyncInterfaces: Assembly path does not exist: 'C:\Program Files\dotnet\sdk\8.0.400\Microsoft.Bcl.AsyncInterfaces.dll', returning.
TpTrace Information: 0 : 45052, 1, 2024/08/31, 12:07:13.544, 9608535575070, vstest.console.dll, AssemblyResolver.OnResolve: Microsoft.Bcl.AsyncInterfaces: Assembly path does not exist: 'C:\Program Files\dotnet\sdk\8.0.400\Microsoft.Bcl.AsyncInterfaces.exe', returning.
TpTrace Information: 0 : 45052, 1, 2024/08/31, 12:07:13.544, 9608535575186, vstest.console.dll, AssemblyResolver.OnResolve: Microsoft.Bcl.AsyncInterfaces: Failed to load assembly.
TpTrace Verbose: 0 : 45052, 1, 2024/08/31, 12:07:13.544, 9608535575418, vstest.console.dll, CurrentDomainAssemblyResolve: Resolving assembly 'Microsoft.Bcl.AsyncInterfaces'.
TpTrace Information: 0 : 45052, 1, 2024/08/31, 12:07:13.544, 9608535575856, vstest.console.dll, AssemblyResolver.OnResolve: Microsoft.Bcl.AsyncInterfaces: Resolving assembly.
TpTrace Information: 0 : 45052, 1, 2024/08/31, 12:07:13.544, 9608535576030, vstest.console.dll, AssemblyResolver.OnResolve: Microsoft.Bcl.AsyncInterfaces: Resolved from cache.
TpTrace Verbose: 0 : 45052, 1, 2024/08/31, 12:07:13.544, 9608535576175, vstest.console.dll, CurrentDomainAssemblyResolve: Resolving assembly 'Microsoft.Bcl.AsyncInterfaces'.
TpTrace Verbose: 0 : 45052, 1, 2024/08/31, 12:07:13.544, 9608535576336, vstest.console.dll, CurrentDomainAssemblyResolve: Failed to resolve assembly 'Microsoft.Bcl.AsyncInterfaces'.
TpTrace Verbose: 0 : 45052, 1, 2024/08/31, 12:07:13.545, 9608535585131, vstest.console.dll, CurrentDomainAssemblyResolve: Failed to resolve assembly 'Microsoft.Bcl.AsyncInterfaces'.
TpTrace Warning: 0 : 45052, 1, 2024/08/31, 12:07:13.554, 9608535678156, vstest.console.dll, TestPluginDiscoverer: Failed to get types from assembly 'Microsoft.Diagnostics.NETCore.Client, Version=0.2.10.30701, Culture=neutral, PublicKeyToken=31bf3856ad364e35'. Error: System.Reflection.ReflectionTypeLoadException: Unable to load one or more of the requested types.
Could not load file or assembly 'Microsoft.Bcl.AsyncInterfaces, Version=6.0.0.0, Culture=neutral, PublicKeyToken=cc7b13ffcd2ddd51'. The system cannot find the file specified.
   at System.Reflection.RuntimeModule.GetTypes(RuntimeModule module)
   at System.Reflection.RuntimeModule.GetTypes()
   at Microsoft.VisualStudio.TestPlatform.Common.ExtensionFramework.TestPluginDiscoverer.GetTestExtensionsFromAssembly[TPluginInfo,TExtension](Assembly assembly, Dictionary`2 pluginInfos, String filePath) in /_/src/Microsoft.TestPlatform.Common/ExtensionFramework/TestPluginDiscoverer.cs:line 158
System.IO.FileNotFoundException: Could not load file or assembly 'Microsoft.Bcl.AsyncInterfaces, Version=6.0.0.0, Culture=neutral, PublicKeyToken=cc7b13ffcd2ddd51'. The system cannot find the file specified.
File name: 'Microsoft.Bcl.AsyncInterfaces, Version=6.0.0.0, Culture=neutral, PublicKeyToken=cc7b13ffcd2ddd51'
 ---> System.IO.FileNotFoundException: Could not load file or assembly 'Microsoft.Bcl.AsyncInterfaces, Culture=neutral, PublicKeyToken=null'. The system cannot find the file specified.
File name: 'Microsoft.Bcl.AsyncInterfaces, Culture=neutral, PublicKeyToken=null'
   at System.Reflection.RuntimeAssembly.InternalLoad(AssemblyName assemblyName, StackCrawlMark& stackMark, AssemblyLoadContext assemblyLoadContext, RuntimeAssembly requestingAssembly, Boolean throwOnFileNotFound)
   at System.Reflection.Assembly.Load(AssemblyName assemblyRef)
   at Microsoft.VisualStudio.TestPlatform.Common.ExtensionFramework.TestPluginCache.CurrentDomainAssemblyResolve(Object sender, AssemblyResolveEventArgs args) in /_/src/Microsoft.TestPlatform.Common/ExtensionFramework/TestPluginCache.cs:line 513
   at System.Runtime.Loader.AssemblyLoadContext.GetFirstResolvedAssemblyFromResolvingEvent(AssemblyName assemblyName)
   at System.Runtime.Loader.AssemblyLoadContext.ResolveUsingEvent(AssemblyName assemblyName)
   at System.Runtime.Loader.AssemblyLoadContext.ResolveUsingResolvingEvent(IntPtr gchManagedAssemblyLoadContext, AssemblyName assemblyName)
TpTrace Warning: 0 : 45052, 1, 2024/08/31, 12:07:13.554, 9608535680710, vstest.console.dll, LoaderExceptions: System.IO.FileNotFoundException: Could not load file or assembly 'Microsoft.Bcl.AsyncInterfaces, Version=6.0.0.0, Culture=neutral, PublicKeyToken=cc7b13ffcd2ddd51'. The system cannot find the file specified.
File name: 'Microsoft.Bcl.AsyncInterfaces, Version=6.0.0.0, Culture=neutral, PublicKeyToken=cc7b13ffcd2ddd51'
 ---> System.IO.FileNotFoundException: Could not load file or assembly 'Microsoft.Bcl.AsyncInterfaces, Culture=neutral, PublicKeyToken=null'. The system cannot find the file specified.
File name: 'Microsoft.Bcl.AsyncInterfaces, Culture=neutral, PublicKeyToken=null'
   at System.Reflection.RuntimeAssembly.InternalLoad(AssemblyName assemblyName, StackCrawlMark& stackMark, AssemblyLoadContext assemblyLoadContext, RuntimeAssembly requestingAssembly, Boolean throwOnFileNotFound)
   at System.Reflection.Assembly.Load(AssemblyName assemblyRef)
   at Microsoft.VisualStudio.TestPlatform.Common.ExtensionFramework.TestPluginCache.CurrentDomainAssemblyResolve(Object sender, AssemblyResolveEventArgs args) in /_/src/Microsoft.TestPlatform.Common/ExtensionFramework/TestPluginCache.cs:line 513
   at System.Runtime.Loader.AssemblyLoadContext.GetFirstResolvedAssemblyFromResolvingEvent(AssemblyName assemblyName)
   at System.Runtime.Loader.AssemblyLoadContext.ResolveUsingEvent(AssemblyName assemblyName)
   at System.Runtime.Loader.AssemblyLoadContext.ResolveUsingResolvingEvent(IntPtr gchManagedAssemblyLoadContext, AssemblyName assemblyName)
TpTrace Information: 0 : 45052, 1, 2024/08/31, 12:07:13.555, 9608535681633, vstest.console.dll, AssemblyResolver.OnResolve: Microsoft.TestPlatform.Extensions.BlameDataCollector: Resolving assembly.
TpTrace Information: 0 : 45052, 1, 2024/08/31, 12:07:13.555, 9608535681815, vstest.console.dll, AssemblyResolver.OnResolve: Microsoft.TestPlatform.Extensions.BlameDataCollector: Searching in: 'C:\Program Files\dotnet\sdk\8.0.400\Extensions'.
TpTrace Information: 0 : 45052, 1, 2024/08/31, 12:07:13.555, 9608535684841, vstest.console.dll, AssemblyResolver.OnResolve: Microsoft.TestPlatform.Extensions.BlameDataCollector: Loading assembly 'C:\Program Files\dotnet\sdk\8.0.400\Extensions\Microsoft.TestPlatform.Extensions.BlameDataCollector.dll'.
TpTrace Information: 0 : 45052, 1, 2024/08/31, 12:07:13.555, 9608535689833, vstest.console.dll, AssemblyResolver.OnResolve: Resolved assembly: Microsoft.TestPlatform.Extensions.BlameDataCollector, from path: C:\Program Files\dotnet\sdk\8.0.400\Extensions\Microsoft.TestPlatform.Extensions.BlameDataCollector.dll
TpTrace Verbose: 0 : 45052, 1, 2024/08/31, 12:07:13.555, 9608535690551, vstest.console.dll, MetadataReaderExtensionsHelper: Discovering extensions inside assembly 'Microsoft.TestPlatform.Extensions.BlameDataCollector, Version=15.0.0.0, Culture=neutral, PublicKeyToken=b03f5f7f11d50a3a' file path 'C:\Program Files\dotnet\sdk\8.0.400\Extensions\Microsoft.TestPlatform.Extensions.BlameDataCollector.dll'
TpTrace Information: 0 : 45052, 1, 2024/08/31, 12:07:13.557, 9608535703929, vstest.console.dll, AssemblyResolver.OnResolve: Microsoft.TestPlatform.Extensions.EventLogCollector: Resolving assembly.
TpTrace Information: 0 : 45052, 1, 2024/08/31, 12:07:13.557, 9608535704843, vstest.console.dll, AssemblyResolver.OnResolve: Microsoft.TestPlatform.Extensions.EventLogCollector: Searching in: 'C:\Program Files\dotnet\sdk\8.0.400\Extensions'.
TpTrace Information: 0 : 45052, 1, 2024/08/31, 12:07:13.557, 9608535708047, vstest.console.dll, AssemblyResolver.OnResolve: Microsoft.TestPlatform.Extensions.EventLogCollector: Loading assembly 'C:\Program Files\dotnet\sdk\8.0.400\Extensions\Microsoft.TestPlatform.Extensions.EventLogCollector.dll'.
TpTrace Information: 0 : 45052, 1, 2024/08/31, 12:07:13.558, 9608535714464, vstest.console.dll, AssemblyResolver.OnResolve: Resolved assembly: Microsoft.TestPlatform.Extensions.EventLogCollector, from path: C:\Program Files\dotnet\sdk\8.0.400\Extensions\Microsoft.TestPlatform.Extensions.EventLogCollector.dll
TpTrace Verbose: 0 : 45052, 1, 2024/08/31, 12:07:13.558, 9608535715217, vstest.console.dll, MetadataReaderExtensionsHelper: Discovering extensions inside assembly 'Microsoft.TestPlatform.Extensions.EventLogCollector, Version=15.0.0.0, Culture=neutral, PublicKeyToken=b03f5f7f11d50a3a' file path 'C:\Program Files\dotnet\sdk\8.0.400\Extensions\Microsoft.TestPlatform.Extensions.EventLogCollector.dll'
TpTrace Information: 0 : 45052, 1, 2024/08/31, 12:07:13.560, 9608535731456, vstest.console.dll, AssemblyResolver.OnResolve: Microsoft.TestPlatform.TestHostRuntimeProvider: Resolving assembly.
TpTrace Information: 0 : 45052, 1, 2024/08/31, 12:07:13.560, 9608535732185, vstest.console.dll, AssemblyResolver.OnResolve: Microsoft.TestPlatform.TestHostRuntimeProvider: Searching in: 'C:\Program Files\dotnet\sdk\8.0.400\Extensions'.
TpTrace Information: 0 : 45052, 1, 2024/08/31, 12:07:13.560, 9608535734202, vstest.console.dll, AssemblyResolver.OnResolve: Microsoft.TestPlatform.TestHostRuntimeProvider: Loading assembly 'C:\Program Files\dotnet\sdk\8.0.400\Extensions\Microsoft.TestPlatform.TestHostRuntimeProvider.dll'.
TpTrace Information: 0 : 45052, 1, 2024/08/31, 12:07:13.560, 9608535737701, vstest.console.dll, AssemblyResolver.OnResolve: Resolved assembly: Microsoft.TestPlatform.TestHostRuntimeProvider, from path: C:\Program Files\dotnet\sdk\8.0.400\Extensions\Microsoft.TestPlatform.TestHostRuntimeProvider.dll
TpTrace Verbose: 0 : 45052, 1, 2024/08/31, 12:07:13.560, 9608535738234, vstest.console.dll, MetadataReaderExtensionsHelper: Discovering extensions inside assembly 'Microsoft.TestPlatform.TestHostRuntimeProvider, Version=15.0.0.0, Culture=neutral, PublicKeyToken=b03f5f7f11d50a3a' file path 'C:\Program Files\dotnet\sdk\8.0.400\Extensions\Microsoft.TestPlatform.TestHostRuntimeProvider.dll'
TpTrace Information: 0 : 45052, 1, 2024/08/31, 12:07:13.561, 9608535748326, vstest.console.dll, GetTestExtensionFromType: Register extension with identifier data 'HostProvider://DefaultTestHost' and type 'Microsoft.VisualStudio.TestPlatform.CrossPlatEngine.Hosting.DefaultTestHostManager, Microsoft.TestPlatform.TestHostRuntimeProvider, Version=15.0.0.0, Culture=neutral, PublicKeyToken=b03f5f7f11d50a3a' inside file 'C:\Program Files\dotnet\sdk\8.0.400\Extensions\Microsoft.TestPlatform.TestHostRuntimeProvider.dll'
TpTrace Information: 0 : 45052, 1, 2024/08/31, 12:07:13.561, 9608535750166, vstest.console.dll, GetTestExtensionFromType: Register extension with identifier data 'HostProvider://DotnetTestHost' and type 'Microsoft.VisualStudio.TestPlatform.CrossPlatEngine.Hosting.DotnetTestHostManager, Microsoft.TestPlatform.TestHostRuntimeProvider, Version=15.0.0.0, Culture=neutral, PublicKeyToken=b03f5f7f11d50a3a' inside file 'C:\Program Files\dotnet\sdk\8.0.400\Extensions\Microsoft.TestPlatform.TestHostRuntimeProvider.dll'
TpTrace Information: 0 : 45052, 1, 2024/08/31, 12:07:13.561, 9608535750699, vstest.console.dll, AssemblyResolver.OnResolve: Microsoft.VisualStudio.TestPlatform.Extensions.Html.TestLogger: Resolving assembly.
TpTrace Information: 0 : 45052, 1, 2024/08/31, 12:07:13.561, 9608535750872, vstest.console.dll, AssemblyResolver.OnResolve: Microsoft.VisualStudio.TestPlatform.Extensions.Html.TestLogger: Searching in: 'C:\Program Files\dotnet\sdk\8.0.400\Extensions'.
TpTrace Information: 0 : 45052, 1, 2024/08/31, 12:07:13.562, 9608535752970, vstest.console.dll, AssemblyResolver.OnResolve: Microsoft.VisualStudio.TestPlatform.Extensions.Html.TestLogger: Loading assembly 'C:\Program Files\dotnet\sdk\8.0.400\Extensions\Microsoft.VisualStudio.TestPlatform.Extensions.Html.TestLogger.dll'.
TpTrace Information: 0 : 45052, 1, 2024/08/31, 12:07:13.562, 9608535756898, vstest.console.dll, AssemblyResolver.OnResolve: Resolved assembly: Microsoft.VisualStudio.TestPlatform.Extensions.Html.TestLogger, from path: C:\Program Files\dotnet\sdk\8.0.400\Extensions\Microsoft.VisualStudio.TestPlatform.Extensions.Html.TestLogger.dll
TpTrace Verbose: 0 : 45052, 1, 2024/08/31, 12:07:13.562, 9608535757364, vstest.console.dll, MetadataReaderExtensionsHelper: Discovering extensions inside assembly 'Microsoft.VisualStudio.TestPlatform.Extensions.Html.TestLogger, Version=15.0.0.0, Culture=neutral, PublicKeyToken=b03f5f7f11d50a3a' file path 'C:\Program Files\dotnet\sdk\8.0.400\Extensions\Microsoft.VisualStudio.TestPlatform.Extensions.Html.TestLogger.dll'
TpTrace Information: 0 : 45052, 1, 2024/08/31, 12:07:13.563, 9608535763524, vstest.console.dll, AssemblyResolver.OnResolve: Microsoft.VisualStudio.TestPlatform.Extensions.Trx.TestLogger: Resolving assembly.
TpTrace Information: 0 : 45052, 1, 2024/08/31, 12:07:13.563, 9608535764052, vstest.console.dll, AssemblyResolver.OnResolve: Microsoft.VisualStudio.TestPlatform.Extensions.Trx.TestLogger: Searching in: 'C:\Program Files\dotnet\sdk\8.0.400\Extensions'.
TpTrace Information: 0 : 45052, 1, 2024/08/31, 12:07:13.563, 9608535766077, vstest.console.dll, AssemblyResolver.OnResolve: Microsoft.VisualStudio.TestPlatform.Extensions.Trx.TestLogger: Loading assembly 'C:\Program Files\dotnet\sdk\8.0.400\Extensions\Microsoft.VisualStudio.TestPlatform.Extensions.Trx.TestLogger.dll'.
TpTrace Information: 0 : 45052, 1, 2024/08/31, 12:07:13.563, 9608535769990, vstest.console.dll, AssemblyResolver.OnResolve: Resolved assembly: Microsoft.VisualStudio.TestPlatform.Extensions.Trx.TestLogger, from path: C:\Program Files\dotnet\sdk\8.0.400\Extensions\Microsoft.VisualStudio.TestPlatform.Extensions.Trx.TestLogger.dll
TpTrace Verbose: 0 : 45052, 1, 2024/08/31, 12:07:13.563, 9608535770500, vstest.console.dll, MetadataReaderExtensionsHelper: Discovering extensions inside assembly 'Microsoft.VisualStudio.TestPlatform.Extensions.Trx.TestLogger, Version=15.0.0.0, Culture=neutral, PublicKeyToken=b03f5f7f11d50a3a' file path 'C:\Program Files\dotnet\sdk\8.0.400\Extensions\Microsoft.VisualStudio.TestPlatform.Extensions.Trx.TestLogger.dll'
TpTrace Verbose: 0 : 45052, 1, 2024/08/31, 12:07:13.564, 9608535778503, vstest.console.dll, TestPluginCache: Discovered the extensions using extension path ''.
TpTrace Verbose: 0 : 45052, 1, 2024/08/31, 12:07:13.564, 9608535779049, vstest.console.dll, TestPluginCache: Discoverers are ''.
TpTrace Verbose: 0 : 45052, 1, 2024/08/31, 12:07:13.564, 9608535779172, vstest.console.dll, TestPluginCache: Executors are ''.
TpTrace Verbose: 0 : 45052, 1, 2024/08/31, 12:07:13.564, 9608535779280, vstest.console.dll, TestPluginCache: Executors2 are ''.
TpTrace Verbose: 0 : 45052, 1, 2024/08/31, 12:07:13.564, 9608535779405, vstest.console.dll, TestPluginCache: Setting providers are ''.
TpTrace Verbose: 0 : 45052, 1, 2024/08/31, 12:07:13.564, 9608535779512, vstest.console.dll, TestPluginCache: Loggers are ''.
TpTrace Verbose: 0 : 45052, 1, 2024/08/31, 12:07:13.564, 9608535780098, vstest.console.dll, TestPluginCache: TestHosts are 'HostProvider://DefaultTestHost,HostProvider://DotnetTestHost'.
TpTrace Verbose: 0 : 45052, 1, 2024/08/31, 12:07:13.564, 9608535780312, vstest.console.dll, TestPluginCache: DataCollectors are ''.
TpTrace Information: 0 : 45052, 1, 2024/08/31, 12:07:13.575, 9608535882932, vstest.console.dll, RunTestsArgumentProcessor:Execute: Test run is starting.
TpTrace Verbose: 0 : 45052, 1, 2024/08/31, 12:07:13.575, 9608535883904, vstest.console.dll, RunTestsArgumentProcessor:Execute: Queuing Test run.
TpTrace Information: 0 : 45052, 1, 2024/08/31, 12:07:13.575, 9608535885346, vstest.console.dll, TestRequestManager.RunTests: run tests started.
TpTrace Information: 0 : 45052, 1, 2024/08/31, 12:07:13.576, 9608535894357, vstest.console.dll, AssemblyMetadataProvider.GetFrameworkName: Determined framework:'.NETCoreApp,Version=v8.0' for source: 'D:\E\OOP\UnitTest\Employee\EmployeeXUnitTest\bin\Debug\net8.0\fine-code-coverage\build-output\EmployeeXUnitTest.dll'
TpTrace Information: 0 : 45052, 1, 2024/08/31, 12:07:13.576, 9608535895776, vstest.console.dll, Determined framework for all sources: .NETCoreApp,Version=v8.0
TpTrace Verbose: 0 : 45052, 1, 2024/08/31, 12:07:13.576, 9608535898326, vstest.console.dll, TestRequestManager.UpdateRunSettingsIfRequired: Default architecture: X64 IsDefaultTargetArchitecture: True, Current process architecture: X64 OperatingSystem: Windows.
TpTrace Information: 0 : 45052, 1, 2024/08/31, 12:07:13.577, 9608535910334, vstest.console.dll, AssemblyMetadataProvider.GetArchitecture: Determined architecture:AnyCPU info for assembly: D:\E\OOP\UnitTest\Employee\EmployeeXUnitTest\bin\Debug\net8.0\fine-code-coverage\build-output\EmployeeXUnitTest.dll
TpTrace Information: 0 : 45052, 1, 2024/08/31, 12:07:13.578, 9608535911268, vstest.console.dll, Determined platform for source 'D:\E\OOP\UnitTest\Employee\EmployeeXUnitTest\bin\Debug\net8.0\fine-code-coverage\build-output\EmployeeXUnitTest.dll' was AnyCPU and it will use the default plaform X64.
TpTrace Information: 0 : 45052, 1, 2024/08/31, 12:07:13.578, 9608535911612, vstest.console.dll, None of the sources provided any runnable platform, using the default platform: X64
TpTrace Information: 0 : 45052, 1, 2024/08/31, 12:07:13.578, 9608535912413, vstest.console.dll, Platform was updated to 'X64'.
TpTrace Information: 0 : 45052, 1, 2024/08/31, 12:07:13.580, 9608535933861, vstest.console.dll, InferRunSettingsHelper.IsTestSettingsEnabled: Unable to navigate to RunSettings/MSTest. Current node: RunSettings
TpTrace Information: 0 : 45052, 1, 2024/08/31, 12:07:13.580, 9608535938135, vstest.console.dll, AssemblyResolver.OnResolve: Microsoft.VisualStudio.TestPlatform.Fakes: Resolving assembly.
TpTrace Information: 0 : 45052, 1, 2024/08/31, 12:07:13.580, 9608535938557, vstest.console.dll, AssemblyResolver.OnResolve: Microsoft.VisualStudio.TestPlatform.Fakes: Searching in: 'C:\Program Files\dotnet\sdk\8.0.400\Extensions'.
TpTrace Information: 0 : 45052, 1, 2024/08/31, 12:07:13.580, 9608535939102, vstest.console.dll, AssemblyResolver.OnResolve: Microsoft.VisualStudio.TestPlatform.Fakes: Assembly path does not exist: 'C:\Program Files\dotnet\sdk\8.0.400\Extensions\Microsoft.VisualStudio.TestPlatform.Fakes.dll', returning.
TpTrace Information: 0 : 45052, 1, 2024/08/31, 12:07:13.580, 9608535939333, vstest.console.dll, AssemblyResolver.OnResolve: Microsoft.VisualStudio.TestPlatform.Fakes: Assembly path does not exist: 'C:\Program Files\dotnet\sdk\8.0.400\Extensions\Microsoft.VisualStudio.TestPlatform.Fakes.exe', returning.
TpTrace Information: 0 : 45052, 1, 2024/08/31, 12:07:13.580, 9608535939516, vstest.console.dll, AssemblyResolver.OnResolve: Microsoft.VisualStudio.TestPlatform.Fakes: Searching in: 'C:\Program Files\dotnet\sdk\8.0.400'.
TpTrace Information: 0 : 45052, 1, 2024/08/31, 12:07:13.580, 9608535939808, vstest.console.dll, AssemblyResolver.OnResolve: Microsoft.VisualStudio.TestPlatform.Fakes: Assembly path does not exist: 'C:\Program Files\dotnet\sdk\8.0.400\Microsoft.VisualStudio.TestPlatform.Fakes.dll', returning.
TpTrace Information: 0 : 45052, 1, 2024/08/31, 12:07:13.580, 9608535940009, vstest.console.dll, AssemblyResolver.OnResolve: Microsoft.VisualStudio.TestPlatform.Fakes: Assembly path does not exist: 'C:\Program Files\dotnet\sdk\8.0.400\Microsoft.VisualStudio.TestPlatform.Fakes.exe', returning.
TpTrace Information: 0 : 45052, 1, 2024/08/31, 12:07:13.580, 9608535940117, vstest.console.dll, AssemblyResolver.OnResolve: Microsoft.VisualStudio.TestPlatform.Fakes: Failed to load assembly.
TpTrace Information: 0 : 45052, 1, 2024/08/31, 12:07:13.581, 9608535942128, vstest.console.dll, Failed to load assembly Microsoft.VisualStudio.TestPlatform.Fakes, Version=17.0.0.0, Culture=neutral. Reason:System.IO.FileNotFoundException: Could not load file or assembly 'Microsoft.VisualStudio.TestPlatform.Fakes, Version=17.0.0.0, Culture=neutral, PublicKeyToken=null'. The system cannot find the file specified.
File name: 'Microsoft.VisualStudio.TestPlatform.Fakes, Version=17.0.0.0, Culture=neutral, PublicKeyToken=null'
   at System.Reflection.RuntimeAssembly.InternalLoad(AssemblyName assemblyName, StackCrawlMark& stackMark, AssemblyLoadContext assemblyLoadContext, RuntimeAssembly requestingAssembly, Boolean throwOnFileNotFound)
   at System.Reflection.Assembly.Load(AssemblyName assemblyRef)
   at Microsoft.VisualStudio.TestPlatform.Common.Utilities.FakesUtilities.LoadTestPlatformAssembly() in /_/src/Microsoft.TestPlatform.Common/Utilities/FakesUtilities.cs:line 272
TpTrace Verbose: 0 : 45052, 1, 2024/08/31, 12:07:13.583, 9608535969705, vstest.console.dll, TestPluginCache.DiscoverTestExtensions: finding test extensions in assemblies ends with: TestLogger.dll TPluginInfo: Microsoft.VisualStudio.TestPlatform.Common.ExtensionFramework.Utilities.TestLoggerPluginInformation TExtension: Microsoft.VisualStudio.TestPlatform.ObjectModel.Client.ITestLogger
TpTrace Verbose: 0 : 45052, 1, 2024/08/31, 12:07:13.583, 9608535970899, vstest.console.dll, TestPluginCache.GetExtensionPaths: Filtered extension paths: 
TpTrace Verbose: 0 : 45052, 1, 2024/08/31, 12:07:13.583, 9608535971087, vstest.console.dll, TestPluginCache.GetExtensionPaths: Added default extension paths: C:\Program Files\dotnet\sdk\8.0.400\Extensions\Microsoft.Diagnostics.NETCore.Client.dll
C:\Program Files\dotnet\sdk\8.0.400\Extensions\Microsoft.TestPlatform.Extensions.BlameDataCollector.dll
C:\Program Files\dotnet\sdk\8.0.400\Extensions\Microsoft.TestPlatform.Extensions.EventLogCollector.dll
C:\Program Files\dotnet\sdk\8.0.400\Extensions\Microsoft.TestPlatform.TestHostRuntimeProvider.dll
C:\Program Files\dotnet\sdk\8.0.400\Extensions\Microsoft.VisualStudio.TestPlatform.Extensions.Html.TestLogger.dll
C:\Program Files\dotnet\sdk\8.0.400\Extensions\Microsoft.VisualStudio.TestPlatform.Extensions.Trx.TestLogger.dll
TpTrace Verbose: 0 : 45052, 1, 2024/08/31, 12:07:13.584, 9608535971221, vstest.console.dll, TestPluginCache.GetExtensionPaths: Added unfilterableExtensionPaths: 
TpTrace Information: 0 : 45052, 1, 2024/08/31, 12:07:13.584, 9608535973031, vstest.console.dll, AssemblyResolver.AddSearchDirectories: Adding more searchDirectories C:\Program Files\dotnet\sdk\8.0.400\Extensions,C:\Program Files\dotnet\sdk\8.0.400
TpTrace Verbose: 0 : 45052, 1, 2024/08/31, 12:07:13.584, 9608535973421, vstest.console.dll, TestPluginCache.DiscoverTestExtensions: Discovering the extensions using extension path.
TpTrace Verbose: 0 : 45052, 1, 2024/08/31, 12:07:13.584, 9608535973627, vstest.console.dll, TestPluginCache.GetExtensionPaths: Filtered extension paths: 
TpTrace Verbose: 0 : 45052, 1, 2024/08/31, 12:07:13.584, 9608535973784, vstest.console.dll, TestPluginCache.GetExtensionPaths: Added default extension paths: C:\Program Files\dotnet\sdk\8.0.400\Extensions\Microsoft.Diagnostics.NETCore.Client.dll
C:\Program Files\dotnet\sdk\8.0.400\Extensions\Microsoft.TestPlatform.Extensions.BlameDataCollector.dll
C:\Program Files\dotnet\sdk\8.0.400\Extensions\Microsoft.TestPlatform.Extensions.EventLogCollector.dll
C:\Program Files\dotnet\sdk\8.0.400\Extensions\Microsoft.TestPlatform.TestHostRuntimeProvider.dll
C:\Program Files\dotnet\sdk\8.0.400\Extensions\Microsoft.VisualStudio.TestPlatform.Extensions.Html.TestLogger.dll
C:\Program Files\dotnet\sdk\8.0.400\Extensions\Microsoft.VisualStudio.TestPlatform.Extensions.Trx.TestLogger.dll
TpTrace Verbose: 0 : 45052, 1, 2024/08/31, 12:07:13.584, 9608535973915, vstest.console.dll, TestPluginCache.GetExtensionPaths: Added unfilterableExtensionPaths: 
TpTrace Verbose: 0 : 45052, 1, 2024/08/31, 12:07:13.584, 9608535974124, vstest.console.dll, TestPluginCache.DiscoverTestExtensions: Discovering the extensions using allExtensionPaths: C:\Program Files\dotnet\sdk\8.0.400\Extensions\Microsoft.Diagnostics.NETCore.Client.dll
C:\Program Files\dotnet\sdk\8.0.400\Extensions\Microsoft.TestPlatform.Extensions.BlameDataCollector.dll
C:\Program Files\dotnet\sdk\8.0.400\Extensions\Microsoft.TestPlatform.Extensions.EventLogCollector.dll
C:\Program Files\dotnet\sdk\8.0.400\Extensions\Microsoft.TestPlatform.TestHostRuntimeProvider.dll
C:\Program Files\dotnet\sdk\8.0.400\Extensions\Microsoft.VisualStudio.TestPlatform.Extensions.Html.TestLogger.dll
C:\Program Files\dotnet\sdk\8.0.400\Extensions\Microsoft.VisualStudio.TestPlatform.Extensions.Trx.TestLogger.dll
TpTrace Information: 0 : 45052, 1, 2024/08/31, 12:07:13.584, 9608535974861, vstest.console.dll, AssemblyResolver.AddSearchDirectories: Adding more searchDirectories C:\Program Files\dotnet\sdk\8.0.400\Extensions,C:\Program Files\dotnet\sdk\8.0.400
TpTrace Information: 0 : 45052, 1, 2024/08/31, 12:07:13.584, 9608535975045, vstest.console.dll, AssemblyResolver.AddSearchDirectories: Adding more searchDirectories C:\Program Files\dotnet\sdk\8.0.400\Extensions,C:\Program Files\dotnet\sdk\8.0.400
TpTrace Information: 0 : 45052, 1, 2024/08/31, 12:07:13.584, 9608535975169, vstest.console.dll, AssemblyResolver.AddSearchDirectories: Adding more searchDirectories C:\Program Files\dotnet\sdk\8.0.400\Extensions,C:\Program Files\dotnet\sdk\8.0.400
TpTrace Information: 0 : 45052, 1, 2024/08/31, 12:07:13.584, 9608535975288, vstest.console.dll, AssemblyResolver.AddSearchDirectories: Adding more searchDirectories C:\Program Files\dotnet\sdk\8.0.400\Extensions,C:\Program Files\dotnet\sdk\8.0.400
TpTrace Information: 0 : 45052, 1, 2024/08/31, 12:07:13.584, 9608535975410, vstest.console.dll, AssemblyResolver.AddSearchDirectories: Adding more searchDirectories C:\Program Files\dotnet\sdk\8.0.400\Extensions,C:\Program Files\dotnet\sdk\8.0.400
TpTrace Information: 0 : 45052, 1, 2024/08/31, 12:07:13.584, 9608535975553, vstest.console.dll, AssemblyResolver.AddSearchDirectories: Adding more searchDirectories C:\Program Files\dotnet\sdk\8.0.400\Extensions,C:\Program Files\dotnet\sdk\8.0.400
TpTrace Verbose: 0 : 45052, 1, 2024/08/31, 12:07:13.584, 9608535976362, vstest.console.dll, MetadataReaderExtensionsHelper: Discovering extensions inside assembly 'Microsoft.Diagnostics.NETCore.Client, Version=0.2.10.30701, Culture=neutral, PublicKeyToken=31bf3856ad364e35' file path 'C:\Program Files\dotnet\sdk\8.0.400\Extensions\Microsoft.Diagnostics.NETCore.Client.dll'
TpTrace Information: 0 : 45052, 1, 2024/08/31, 12:07:13.585, 9608535981722, vstest.console.dll, AssemblyResolver.OnResolve: Microsoft.Bcl.AsyncInterfaces: Resolving assembly.
TpTrace Information: 0 : 45052, 1, 2024/08/31, 12:07:13.585, 9608535982243, vstest.console.dll, AssemblyResolver.OnResolve: Microsoft.Bcl.AsyncInterfaces: Resolved from cache.
TpTrace Verbose: 0 : 45052, 1, 2024/08/31, 12:07:13.585, 9608535982391, vstest.console.dll, CurrentDomainAssemblyResolve: Resolving assembly 'Microsoft.Bcl.AsyncInterfaces'.
TpTrace Information: 0 : 45052, 1, 2024/08/31, 12:07:13.585, 9608535982660, vstest.console.dll, AssemblyResolver.OnResolve: Microsoft.Bcl.AsyncInterfaces: Resolving assembly.
TpTrace Information: 0 : 45052, 1, 2024/08/31, 12:07:13.585, 9608535982783, vstest.console.dll, AssemblyResolver.OnResolve: Microsoft.Bcl.AsyncInterfaces: Resolved from cache.
TpTrace Verbose: 0 : 45052, 1, 2024/08/31, 12:07:13.585, 9608535982886, vstest.console.dll, CurrentDomainAssemblyResolve: Resolving assembly 'Microsoft.Bcl.AsyncInterfaces'.
TpTrace Verbose: 0 : 45052, 1, 2024/08/31, 12:07:13.585, 9608535982989, vstest.console.dll, CurrentDomainAssemblyResolve: Failed to resolve assembly 'Microsoft.Bcl.AsyncInterfaces'.
TpTrace Verbose: 0 : 45052, 1, 2024/08/31, 12:07:13.585, 9608535983902, vstest.console.dll, CurrentDomainAssemblyResolve: Failed to resolve assembly 'Microsoft.Bcl.AsyncInterfaces'.
TpTrace Warning: 0 : 45052, 1, 2024/08/31, 12:07:13.585, 9608535985962, vstest.console.dll, TestPluginDiscoverer: Failed to get types from assembly 'Microsoft.Diagnostics.NETCore.Client, Version=0.2.10.30701, Culture=neutral, PublicKeyToken=31bf3856ad364e35'. Error: System.Reflection.ReflectionTypeLoadException: Unable to load one or more of the requested types.
Could not load file or assembly 'Microsoft.Bcl.AsyncInterfaces, Version=6.0.0.0, Culture=neutral, PublicKeyToken=cc7b13ffcd2ddd51'. The system cannot find the file specified.
   at System.Reflection.RuntimeModule.GetTypes(RuntimeModule module)
   at System.Reflection.RuntimeModule.GetTypes()
   at Microsoft.VisualStudio.TestPlatform.Common.ExtensionFramework.TestPluginDiscoverer.GetTestExtensionsFromAssembly[TPluginInfo,TExtension](Assembly assembly, Dictionary`2 pluginInfos, String filePath) in /_/src/Microsoft.TestPlatform.Common/ExtensionFramework/TestPluginDiscoverer.cs:line 158
System.IO.FileNotFoundException: Could not load file or assembly 'Microsoft.Bcl.AsyncInterfaces, Version=6.0.0.0, Culture=neutral, PublicKeyToken=cc7b13ffcd2ddd51'. The system cannot find the file specified.
File name: 'Microsoft.Bcl.AsyncInterfaces, Version=6.0.0.0, Culture=neutral, PublicKeyToken=cc7b13ffcd2ddd51'
 ---> System.IO.FileNotFoundException: Could not load file or assembly 'Microsoft.Bcl.AsyncInterfaces, Culture=neutral, PublicKeyToken=null'. The system cannot find the file specified.
File name: 'Microsoft.Bcl.AsyncInterfaces, Culture=neutral, PublicKeyToken=null'
   at System.Reflection.RuntimeAssembly.InternalLoad(AssemblyName assemblyName, StackCrawlMark& stackMark, AssemblyLoadContext assemblyLoadContext, RuntimeAssembly requestingAssembly, Boolean throwOnFileNotFound)
   at System.Reflection.Assembly.Load(AssemblyName assemblyRef)
   at Microsoft.VisualStudio.TestPlatform.Common.ExtensionFramework.TestPluginCache.CurrentDomainAssemblyResolve(Object sender, AssemblyResolveEventArgs args) in /_/src/Microsoft.TestPlatform.Common/ExtensionFramework/TestPluginCache.cs:line 513
   at System.Runtime.Loader.AssemblyLoadContext.GetFirstResolvedAssemblyFromResolvingEvent(AssemblyName assemblyName)
   at System.Runtime.Loader.AssemblyLoadContext.ResolveUsingEvent(AssemblyName assemblyName)
   at System.Runtime.Loader.AssemblyLoadContext.ResolveUsingResolvingEvent(IntPtr gchManagedAssemblyLoadContext, AssemblyName assemblyName)
TpTrace Warning: 0 : 45052, 1, 2024/08/31, 12:07:13.585, 9608535986793, vstest.console.dll, LoaderExceptions: System.IO.FileNotFoundException: Could not load file or assembly 'Microsoft.Bcl.AsyncInterfaces, Version=6.0.0.0, Culture=neutral, PublicKeyToken=cc7b13ffcd2ddd51'. The system cannot find the file specified.
File name: 'Microsoft.Bcl.AsyncInterfaces, Version=6.0.0.0, Culture=neutral, PublicKeyToken=cc7b13ffcd2ddd51'
 ---> System.IO.FileNotFoundException: Could not load file or assembly 'Microsoft.Bcl.AsyncInterfaces, Culture=neutral, PublicKeyToken=null'. The system cannot find the file specified.
File name: 'Microsoft.Bcl.AsyncInterfaces, Culture=neutral, PublicKeyToken=null'
   at System.Reflection.RuntimeAssembly.InternalLoad(AssemblyName assemblyName, StackCrawlMark& stackMark, AssemblyLoadContext assemblyLoadContext, RuntimeAssembly requestingAssembly, Boolean throwOnFileNotFound)
   at System.Reflection.Assembly.Load(AssemblyName assemblyRef)
   at Microsoft.VisualStudio.TestPlatform.Common.ExtensionFramework.TestPluginCache.CurrentDomainAssemblyResolve(Object sender, AssemblyResolveEventArgs args) in /_/src/Microsoft.TestPlatform.Common/ExtensionFramework/TestPluginCache.cs:line 513
   at System.Runtime.Loader.AssemblyLoadContext.GetFirstResolvedAssemblyFromResolvingEvent(AssemblyName assemblyName)
   at System.Runtime.Loader.AssemblyLoadContext.ResolveUsingEvent(AssemblyName assemblyName)
   at System.Runtime.Loader.AssemblyLoadContext.ResolveUsingResolvingEvent(IntPtr gchManagedAssemblyLoadContext, AssemblyName assemblyName)
TpTrace Verbose: 0 : 45052, 1, 2024/08/31, 12:07:13.585, 9608535987187, vstest.console.dll, MetadataReaderExtensionsHelper: Discovering extensions inside assembly 'Microsoft.TestPlatform.Extensions.BlameDataCollector, Version=15.0.0.0, Culture=neutral, PublicKeyToken=b03f5f7f11d50a3a' file path 'C:\Program Files\dotnet\sdk\8.0.400\Extensions\Microsoft.TestPlatform.Extensions.BlameDataCollector.dll'
TpTrace Information: 0 : 45052, 1, 2024/08/31, 12:07:13.585, 9608535990436, vstest.console.dll, GetTestExtensionFromType: Register extension with identifier data 'logger://Microsoft/TestPlatform/Extensions/Blame/v1' and type 'Microsoft.TestPlatform.Extensions.BlameDataCollector.BlameLogger, Microsoft.TestPlatform.Extensions.BlameDataCollector, Version=15.0.0.0, Culture=neutral, PublicKeyToken=b03f5f7f11d50a3a' inside file 'C:\Program Files\dotnet\sdk\8.0.400\Extensions\Microsoft.TestPlatform.Extensions.BlameDataCollector.dll'
TpTrace Verbose: 0 : 45052, 1, 2024/08/31, 12:07:13.585, 9608535990882, vstest.console.dll, MetadataReaderExtensionsHelper: Discovering extensions inside assembly 'Microsoft.TestPlatform.Extensions.EventLogCollector, Version=15.0.0.0, Culture=neutral, PublicKeyToken=b03f5f7f11d50a3a' file path 'C:\Program Files\dotnet\sdk\8.0.400\Extensions\Microsoft.TestPlatform.Extensions.EventLogCollector.dll'
TpTrace Verbose: 0 : 45052, 1, 2024/08/31, 12:07:13.586, 9608535992607, vstest.console.dll, MetadataReaderExtensionsHelper: Discovering extensions inside assembly 'Microsoft.TestPlatform.TestHostRuntimeProvider, Version=15.0.0.0, Culture=neutral, PublicKeyToken=b03f5f7f11d50a3a' file path 'C:\Program Files\dotnet\sdk\8.0.400\Extensions\Microsoft.TestPlatform.TestHostRuntimeProvider.dll'
TpTrace Verbose: 0 : 45052, 1, 2024/08/31, 12:07:13.586, 9608535994187, vstest.console.dll, MetadataReaderExtensionsHelper: Discovering extensions inside assembly 'Microsoft.VisualStudio.TestPlatform.Extensions.Html.TestLogger, Version=15.0.0.0, Culture=neutral, PublicKeyToken=b03f5f7f11d50a3a' file path 'C:\Program Files\dotnet\sdk\8.0.400\Extensions\Microsoft.VisualStudio.TestPlatform.Extensions.Html.TestLogger.dll'
TpTrace Information: 0 : 45052, 1, 2024/08/31, 12:07:13.586, 9608535997519, vstest.console.dll, GetTestExtensionFromType: Register extension with identifier data 'logger://Microsoft/TestPlatform/HtmlLogger/v1' and type 'Microsoft.VisualStudio.TestPlatform.Extensions.HtmlLogger.HtmlLogger, Microsoft.VisualStudio.TestPlatform.Extensions.Html.TestLogger, Version=15.0.0.0, Culture=neutral, PublicKeyToken=b03f5f7f11d50a3a' inside file 'C:\Program Files\dotnet\sdk\8.0.400\Extensions\Microsoft.VisualStudio.TestPlatform.Extensions.Html.TestLogger.dll'
TpTrace Verbose: 0 : 45052, 1, 2024/08/31, 12:07:13.586, 9608535998039, vstest.console.dll, MetadataReaderExtensionsHelper: Discovering extensions inside assembly 'Microsoft.VisualStudio.TestPlatform.Extensions.Trx.TestLogger, Version=15.0.0.0, Culture=neutral, PublicKeyToken=b03f5f7f11d50a3a' file path 'C:\Program Files\dotnet\sdk\8.0.400\Extensions\Microsoft.VisualStudio.TestPlatform.Extensions.Trx.TestLogger.dll'
TpTrace Information: 0 : 45052, 1, 2024/08/31, 12:07:13.586, 9608536000297, vstest.console.dll, GetTestExtensionFromType: Register extension with identifier data 'logger://Microsoft/TestPlatform/TrxLogger/v1' and type 'Microsoft.VisualStudio.TestPlatform.Extensions.TrxLogger.TrxLogger, Microsoft.VisualStudio.TestPlatform.Extensions.Trx.TestLogger, Version=15.0.0.0, Culture=neutral, PublicKeyToken=b03f5f7f11d50a3a' inside file 'C:\Program Files\dotnet\sdk\8.0.400\Extensions\Microsoft.VisualStudio.TestPlatform.Extensions.Trx.TestLogger.dll'
TpTrace Verbose: 0 : 45052, 1, 2024/08/31, 12:07:13.586, 9608536000755, vstest.console.dll, TestPluginCache: Discovered the extensions using extension path ''.
TpTrace Verbose: 0 : 45052, 1, 2024/08/31, 12:07:13.586, 9608536000881, vstest.console.dll, TestPluginCache: Discoverers are ''.
TpTrace Verbose: 0 : 45052, 1, 2024/08/31, 12:07:13.586, 9608536000983, vstest.console.dll, TestPluginCache: Executors are ''.
TpTrace Verbose: 0 : 45052, 1, 2024/08/31, 12:07:13.586, 9608536001084, vstest.console.dll, TestPluginCache: Executors2 are ''.
TpTrace Verbose: 0 : 45052, 1, 2024/08/31, 12:07:13.586, 9608536001182, vstest.console.dll, TestPluginCache: Setting providers are ''.
TpTrace Verbose: 0 : 45052, 1, 2024/08/31, 12:07:13.587, 9608536001578, vstest.console.dll, TestPluginCache: Loggers are 'logger://Microsoft/TestPlatform/Extensions/Blame/v1,logger://Microsoft/TestPlatform/HtmlLogger/v1,logger://Microsoft/TestPlatform/TrxLogger/v1'.
TpTrace Verbose: 0 : 45052, 1, 2024/08/31, 12:07:13.587, 9608536001726, vstest.console.dll, TestPluginCache: TestHosts are 'HostProvider://DefaultTestHost,HostProvider://DotnetTestHost'.
TpTrace Verbose: 0 : 45052, 1, 2024/08/31, 12:07:13.587, 9608536001840, vstest.console.dll, TestPluginCache: DataCollectors are ''.
TpTrace Information: 0 : 45052, 1, 2024/08/31, 12:07:13.587, 9608536008575, vstest.console.dll, TestPluginManager.CreateTestExtension: Attempting to load test extension: Microsoft.TestPlatform.Extensions.BlameDataCollector.BlameLogger
TpTrace Verbose: 0 : 45052, 1, 2024/08/31, 12:07:13.593, 9608536064629, vstest.console.dll, TestEngine: Initializing Parallel Execution as MaxCpuCount is set to: 1
TpTrace Information: 0 : 45052, 1, 2024/08/31, 12:07:13.594, 9608536074347, vstest.console.dll, TestPluginManager.CreateTestExtension: Attempting to load test extension: Microsoft.VisualStudio.TestPlatform.CrossPlatEngine.Hosting.DefaultTestHostManager
TpTrace Information: 0 : 45052, 1, 2024/08/31, 12:07:13.595, 9608536081598, vstest.console.dll, TestPluginManager.CreateTestExtension: Attempting to load test extension: Microsoft.VisualStudio.TestPlatform.CrossPlatEngine.Hosting.DotnetTestHostManager
TpTrace Verbose: 0 : 45052, 1, 2024/08/31, 12:07:13.595, 9608536083050, vstest.console.dll, TestHostManagerCallbacks.ctor: Forwarding output is enabled.
TpTrace Information: 0 : 45052, 1, 2024/08/31, 12:07:13.595, 9608536085828, vstest.console.dll, InferRunSettingsHelper.IsTestSettingsEnabled: Unable to navigate to RunSettings/MSTest. Current node: RunSettings
TpTrace Verbose: 0 : 45052, 1, 2024/08/31, 12:07:13.595, 9608536089076, vstest.console.dll, ParallelOperationManager.ClearSlots: Clearing all slots. Slots should accept more work: True
TpTrace Verbose: 0 : 45052, 1, 2024/08/31, 12:07:13.596, 9608536092677, vstest.console.dll, ParallelOperationManager.SetOccupiedSlotCount: Setting slot counts AvailableSlotCount = 1, OccupiedSlotCount = 0.
TpTrace Verbose: 0 : 45052, 1, 2024/08/31, 12:07:13.596, 9608536094439, vstest.console.dll, Occupied slots:

TpTrace Verbose: 0 : 45052, 1, 2024/08/31, 12:07:13.598, 9608536119384, vstest.console.dll, TestEngine.GetExecutionManager: Chosen execution manager 'Microsoft.VisualStudio.TestPlatform.CrossPlatEngine.Client.Parallel.ParallelProxyExecutionManager, Microsoft.TestPlatform.CrossPlatEngine, Version=15.0.0.0, Culture=neutral, PublicKeyToken=b03f5f7f11d50a3a' ParallelLevel '1'.
TpTrace Verbose: 0 : 45052, 1, 2024/08/31, 12:07:13.599, 9608536121904, vstest.console.dll, TestPlatform.GetSkipDefaultAdapters: Not skipping default adapters SkipDefaultAdapters was false.
TpTrace Verbose: 0 : 45052, 1, 2024/08/31, 12:07:13.599, 9608536122608, vstest.console.dll, TestRunRequest.ExecuteAsync: Creating test run request.
TpTrace Verbose: 0 : 45052, 1, 2024/08/31, 12:07:13.599, 9608536124404, vstest.console.dll, TestRunRequest.ExecuteAsync: Starting.
TpTrace Information: 0 : 45052, 1, 2024/08/31, 12:07:13.600, 9608536131771, vstest.console.dll, TestRunRequest.ExecuteAsync: Starting run with settings:TestRunCriteria:
   KeepAlive=False,FrequencyOfRunStatsChangeEvent=10,RunStatsChangeEventTimeout=00:00:01.5000000,TestCaseFilter=,TestExecutorLauncher=
   Settingsxml=<RunSettings>
  <RunConfiguration>
    <ResultsDirectory>D:\E\OOP\UnitTest\Employee\EmployeeXUnitTest\bin\Debug\net8.0\fine-code-coverage\coverage-tool-output</ResultsDirectory>
    <TargetPlatform>X64</TargetPlatform>
    <TargetFrameworkVersion>.NETCoreApp,Version=v8.0</TargetFrameworkVersion>
    <DesignMode>False</DesignMode>
    <CollectSourceInformation>False</CollectSourceInformation>
  </RunConfiguration>
  <LoggerRunSettings>
    <Loggers>
      <Logger friendlyName="blame" enabled="True" />
      <Logger friendlyName="Console" uri="logger://microsoft/TestPlatform/ConsoleLogger/v1" assemblyQualifiedName="Microsoft.VisualStudio.TestPlatform.CommandLine.Internal.ConsoleLogger, vstest.console, Version=15.0.0.0, Culture=neutral, PublicKeyToken=b03f5f7f11d50a3a" codeBase="C:\Program Files\dotnet\sdk\8.0.400\vstest.console.dll" enabled="True" />
    </Loggers>
  </LoggerRunSettings>
  <DataCollectionRunSettings>
    <DataCollectors>
      <DataCollector friendlyName="blame" enabled="True">
        <Configuration>
          <ResultsDirectory>D:\E\OOP\UnitTest\Employee\EmployeeXUnitTest\bin\Debug\net8.0\fine-code-coverage\coverage-tool-output</ResultsDirectory>
        </Configuration>
      </DataCollector>
    </DataCollectors>
  </DataCollectionRunSettings>
</RunSettings>

TpTrace Verbose: 0 : 45052, 1, 2024/08/31, 12:07:13.600, 9608536132145, vstest.console.dll, TestRunRequest.ExecuteAsync: Wait for the first run request is over.
TpTrace Verbose: 0 : 45052, 1, 2024/08/31, 12:07:13.600, 9608536134293, vstest.console.dll, MulticastDelegateUtilities.SafeInvoke: TestRun.TestRunStart: Invoking callbacks was skipped because there are no subscribers.
TpTrace Verbose: 0 : 45052, 4, 2024/08/31, 12:07:13.600, 9608536136905, vstest.console.dll, MulticastDelegateUtilities.SafeInvoke: InternalTestLoggerEvents.SendTestRunStart: Invoking callback 1/1 for Microsoft.VisualStudio.TestPlatform.CommandLine.Internal.ConsoleLogger., took 0 ms.
TpTrace Verbose: 0 : 45052, 1, 2024/08/31, 12:07:13.601, 9608536141622, vstest.console.dll, ParallelProxyExecutionManager: Start execution. Total sources: 1
TpTrace Verbose: 0 : 45052, 1, 2024/08/31, 12:07:13.601, 9608536144325, vstest.console.dll, ParallelOperationManager.StartWork: Starting adding 1 workloads.
TpTrace Verbose: 0 : 45052, 1, 2024/08/31, 12:07:13.601, 9608536144728, vstest.console.dll, ParallelOperationManager.ClearSlots: Clearing all slots. Slots should accept more work: True
TpTrace Verbose: 0 : 45052, 1, 2024/08/31, 12:07:13.601, 9608536145114, vstest.console.dll, ParallelOperationManager.SetOccupiedSlotCount: Setting slot counts AvailableSlotCount = 1, OccupiedSlotCount = 0.
TpTrace Verbose: 0 : 45052, 1, 2024/08/31, 12:07:13.601, 9608536145303, vstest.console.dll, Occupied slots:

TpTrace Verbose: 0 : 45052, 1, 2024/08/31, 12:07:13.602, 9608536153395, vstest.console.dll, TestHostManagerCallbacks.ctor: Forwarding output is enabled.
TpTrace Verbose: 0 : 45052, 1, 2024/08/31, 12:07:13.602, 9608536154993, vstest.console.dll, TestRequestSender is acting as server.
TpTrace Verbose: 0 : 45052, 1, 2024/08/31, 12:07:13.603, 9608536164888, vstest.console.dll, ParallelOperationManager.RunWorkInParallel: Adding 1 workload to slot, remaining workloads 0.
TpTrace Verbose: 0 : 45052, 1, 2024/08/31, 12:07:13.603, 9608536165479, vstest.console.dll, ParallelOperationManager.SetOccupiedSlotCount: Setting slot counts AvailableSlotCount = 0, OccupiedSlotCount = 1.
TpTrace Verbose: 0 : 45052, 1, 2024/08/31, 12:07:13.603, 9608536166172, vstest.console.dll, Occupied slots:
0: D:\E\OOP\UnitTest\Employee\EmployeeXUnitTest\bin\Debug\net8.0\fine-code-coverage\build-output\EmployeeXUnitTest.dll
TpTrace Verbose: 0 : 45052, 1, 2024/08/31, 12:07:13.604, 9608536172598, vstest.console.dll, ParallelOperationManager.RunWorkInParallel: Started host in slot number 0 for work (source): D:\E\OOP\UnitTest\Employee\EmployeeXUnitTest\bin\Debug\net8.0\fine-code-coverage\build-output\EmployeeXUnitTest.dll.
TpTrace Verbose: 0 : 45052, 1, 2024/08/31, 12:07:13.605, 9608536182396, vstest.console.dll, ParallelOperationManager.RunWorkInParallel: We started 1 work items, which is the max parallel level. Won't start more work.
TpTrace Verbose: 0 : 45052, 1, 2024/08/31, 12:07:13.605, 9608536182922, vstest.console.dll, ParallelOperationManager.RunWorkInParallel: We started 1 work items in here, returning True.
TpTrace Information: 0 : 45052, 1, 2024/08/31, 12:07:13.605, 9608536183120, vstest.console.dll, TestRunRequest.ExecuteAsync: Started.
TpTrace Verbose: 0 : 45052, 5, 2024/08/31, 12:07:13.605, 9608536184936, vstest.console.dll, ParallelProxyExecutionManager.StartTestRunOnConcurrentManager: Initializing uninitialized client. Started clients: 0
TpTrace Verbose: 0 : 45052, 5, 2024/08/31, 12:07:13.605, 9608536186637, vstest.console.dll, DataCollectionRequestSender.InitializeCommunication : Initialize communication. 
TpTrace Verbose: 0 : 45052, 1, 2024/08/31, 12:07:13.605, 9608536186880, vstest.console.dll, TestRunRequest.WaitForCompletion: Waiting with timeout -1.
TpTrace Information: 0 : 45052, 5, 2024/08/31, 12:07:13.611, 9608536242345, vstest.console.dll, Listening on Endpoint : 127.0.0.1:56143
TpTrace Verbose: 0 : 45052, 5, 2024/08/31, 12:07:13.615, 9608536281779, vstest.console.dll, DotnetDataCollectionLauncher: Adding  --runtimeconfig "C:\Program Files\dotnet\sdk\8.0.400\datacollector.runtimeconfig.json" in args
TpTrace Verbose: 0 : 45052, 5, 2024/08/31, 12:07:13.615, 9608536283016, vstest.console.dll, DotnetDataCollectionLauncher: Adding  --depsfile "C:\Program Files\dotnet\sdk\8.0.400\datacollector.deps.json" in args
TpTrace Verbose: 0 : 45052, 5, 2024/08/31, 12:07:13.615, 9608536284259, vstest.console.dll, DotnetDataCollectionLauncher: Full path of dotnet.exe is C:\Program Files\dotnet\dotnet.exe
TpTrace Information: 0 : 45052, 5, 2024/08/31, 12:07:13.621, 9608536347601, vstest.console.dll, ProxyDataCollectionManager.Initialize: Launched datacollector processId: 13256 port: 56143
TpTrace Information: 0 : 45052, 5, 2024/08/31, 12:07:13.621, 9608536348785, vstest.console.dll, ProxyDataCollectionManager.Initialize: waiting for connection with timeout: 90 seconds
TpTrace Verbose: 0 : 45052, 5, 2024/08/31, 12:07:13.621, 9608536349083, vstest.console.dll, DataCollectionRequestSender.WaitForRequestHandlerConnection : Waiting for connection with timeout: 90000
TpTrace Information: 0 : 45052, 7, 2024/08/31, 12:07:13.758, 9608537711647, vstest.console.dll, Using the buffer size of 16384 bytes
TpTrace Verbose: 0 : 45052, 5, 2024/08/31, 12:07:13.758, 9608537712639, vstest.console.dll, SocketCommunicationManager.WaitForClientConnection took: 136 ms, with 90000 ms timeout, and finished with True.
TpTrace Information: 0 : 45052, 7, 2024/08/31, 12:07:13.758, 9608537713413, vstest.console.dll, Accepted Client request and set the flag
TpTrace Verbose: 0 : 45052, 5, 2024/08/31, 12:07:13.758, 9608537714727, vstest.console.dll, ProxyDataCollectionManager.InvokeDataCollectionServiceAction: Starting.
TpTrace Information: 0 : 45052, 5, 2024/08/31, 12:07:13.758, 9608537715509, vstest.console.dll, ProxyDataCollectionManager.BeforeTestRunStart: Get environment variable and port for datacollector processId: 13256 port: 56143
TpTrace Verbose: 0 : 45052, 5, 2024/08/31, 12:07:13.758, 9608537716506, vstest.console.dll, DataCollectionRequestSender.SendBeforeTestRunStartAndGetResult: Send BeforeTestRunStart message with settingsXml <RunSettings><RunConfiguration><ResultsDirectory>D:\E\OOP\UnitTest\Employee\EmployeeXUnitTest\bin\Debug\net8.0\fine-code-coverage\coverage-tool-output</ResultsDirectory><TargetPlatform>X64</TargetPlatform><TargetFrameworkVersion>.NETCoreApp,Version=v8.0</TargetFrameworkVersion><DesignMode>False</DesignMode><CollectSourceInformation>False</CollectSourceInformation><TestAdaptersPaths>C:\Program Files\dotnet\sdk\8.0.400\Extensions</TestAdaptersPaths></RunConfiguration><LoggerRunSettings><Loggers><Logger friendlyName="blame" enabled="True" /><Logger friendlyName="Console" uri="logger://microsoft/TestPlatform/ConsoleLogger/v1" assemblyQualifiedName="Microsoft.VisualStudio.TestPlatform.CommandLine.Internal.ConsoleLogger, vstest.console, Version=15.0.0.0, Culture=neutral, PublicKeyToken=b03f5f7f11d50a3a" codeBase="C:\Program Files\dotnet\sdk\8.0.400\vstest.console.dll" enabled="True" /></Loggers></LoggerRunSettings><DataCollectionRunSettings><DataCollectors><DataCollector friendlyName="blame" enabled="True"><Configuration><ResultsDirectory>D:\E\OOP\UnitTest\Employee\EmployeeXUnitTest\bin\Debug\net8.0\fine-code-coverage\coverage-tool-output</ResultsDirectory></Configuration></DataCollector></DataCollectors></DataCollectionRunSettings></RunSettings> and sources System.Collections.Generic.List`1[System.String]: 
TpTrace Verbose: 0 : 45052, 5, 2024/08/31, 12:07:13.803, 9608538169589, vstest.console.dll, DataCollectionRequestSender.SendBeforeTestRunStartAndGetResult: Received message: (DataCollection.SendMessage) -> {"MessageType":"DataCollection.SendMessage","Payload":{"FriendlyName":null,"Uri":null,"TestCaseId":"00000000-0000-0000-0000-000000000000","Message":"Logging DataCollector Diagnostics in file: D:\\E\\OOP\\UnitTest\\Employee\\EmployeeXUnitTest\\bin\\Debug\\net8.0\\fine-code-coverage\\coverage-tool-output\\diagnostics.datacollector.24-08-31_12-07-13_61484_5.log","Level":0}}
TpTrace Verbose: 0 : 45052, 5, 2024/08/31, 12:07:13.870, 9608538839984, vstest.console.dll, DataCollectionRequestSender.SendBeforeTestRunStartAndGetResult: Received message: (DataCollection.BeforeTestRunStartResult) -> {"MessageType":"DataCollection.BeforeTestRunStartResult","Payload":{"EnvironmentVariables":{},"DataCollectionEventsPort":56145}}
TpTrace Information: 0 : 45052, 5, 2024/08/31, 12:07:13.874, 9608538880761, vstest.console.dll, ProxyDataCollectionManager.BeforeTestRunStart: SendBeforeTestRunStartAndGetResult successful, env variable from datacollector:   and testhost port: 56145
TpTrace Information: 0 : 45052, 5, 2024/08/31, 12:07:13.875, 9608538881871, vstest.console.dll, ProxyDataCollectionManager.InvokeDataCollectionServiceAction: Completed.
TpTrace Verbose: 0 : 45052, 5, 2024/08/31, 12:07:13.875, 9608538882133, vstest.console.dll, ParallelProxyExecutionManager.StartTestRunOnConcurrentManager: Initializing test run. Started clients: 0
TpTrace Verbose: 0 : 45052, 5, 2024/08/31, 12:07:13.875, 9608538882810, vstest.console.dll, ProxyExecutionManager: Test host is always Lazy initialize.
TpTrace Verbose: 0 : 45052, 5, 2024/08/31, 12:07:13.875, 9608538884380, vstest.console.dll, TestRequestSender.InitializeCommunication: initialize communication. 
TpTrace Information: 0 : 45052, 5, 2024/08/31, 12:07:13.875, 9608538888285, vstest.console.dll, SocketServer.Start: Listening on endpoint : 127.0.0.1:56146
TpTrace Verbose: 0 : 45052, 5, 2024/08/31, 12:07:13.876, 9608538894244, vstest.console.dll, DotnetTestHostmanager.GetTestHostProcessStartInfo: Platform environment 'X64' target architecture 'X64' framework '.NETCoreApp,Version=v8.0' OS 'Windows'
TpTrace Verbose: 0 : 45052, 5, 2024/08/31, 12:07:13.876, 9608538895485, vstest.console.dll, DotnetTestHostmanager: Adding  --runtimeconfig "D:\E\OOP\UnitTest\Employee\EmployeeXUnitTest\bin\Debug\net8.0\fine-code-coverage\build-output\EmployeeXUnitTest.runtimeconfig.json" in args
TpTrace Verbose: 0 : 45052, 5, 2024/08/31, 12:07:13.876, 9608538895759, vstest.console.dll, DotnetTestHostmanager: Adding  --depsfile "D:\E\OOP\UnitTest\Employee\EmployeeXUnitTest\bin\Debug\net8.0\fine-code-coverage\build-output\EmployeeXUnitTest.deps.json" in args
TpTrace Verbose: 0 : 45052, 5, 2024/08/31, 12:07:13.876, 9608538897383, vstest.console.dll, DotnetTestHostmanager.IsWinOnArm: Current PROCESSOR_ARCHITECTURE from environment variable 'AMD64'
TpTrace Verbose: 0 : 45052, 5, 2024/08/31, 12:07:13.876, 9608538897728, vstest.console.dll, DotnetTestHostmanager.IsWinOnArm: Is Windows on ARM 'False'
TpTrace Verbose: 0 : 45052, 5, 2024/08/31, 12:07:13.876, 9608538898032, vstest.console.dll, DotnetTestHostManager: testhost.exe found at path: D:\E\OOP\UnitTest\Employee\EmployeeXUnitTest\bin\Debug\net8.0\fine-code-coverage\build-output\testhost.exe
TpTrace Verbose: 0 : 45052, 5, 2024/08/31, 12:07:13.876, 9608538898197, vstest.console.dll, DotnetTestHostmanager: Full path of host exe is D:\E\OOP\UnitTest\Employee\EmployeeXUnitTest\bin\Debug\net8.0\fine-code-coverage\build-output\testhost.exe
TpTrace Verbose: 0 : 45052, 5, 2024/08/31, 12:07:13.876, 9608538899211, vstest.console.dll, DotnetTestHostmanager.LaunchTestHostAsync: Found 'VSTEST_WINAPPHOST_DOTNET_ROOT' in env variables, value 'C:\Program Files\dotnet', forwarding to 'DOTNET_ROOT'
TpTrace Verbose: 0 : 45052, 5, 2024/08/31, 12:07:13.876, 9608538900183, vstest.console.dll, DotnetTestHostManager: Starting process 'D:\E\OOP\UnitTest\Employee\EmployeeXUnitTest\bin\Debug\net8.0\fine-code-coverage\build-output\testhost.exe' with command line ' --runtimeconfig "D:\E\OOP\UnitTest\Employee\EmployeeXUnitTest\bin\Debug\net8.0\fine-code-coverage\build-output\EmployeeXUnitTest.runtimeconfig.json" --depsfile "D:\E\OOP\UnitTest\Employee\EmployeeXUnitTest\bin\Debug\net8.0\fine-code-coverage\build-output\EmployeeXUnitTest.deps.json" --port 56146 --endpoint 127.0.0.1:056146 --role client --parentprocessid 45052 --diag "D:\E\OOP\UnitTest\Employee\EmployeeXUnitTest\bin\Debug\net8.0\fine-code-coverage\coverage-tool-output\diagnostics.host.24-08-31_12-07-13_87600_5.log" --tracelevel 4 --datacollectionport 56145 --telemetryoptedin false'
TpTrace Verbose: 0 : 45052, 5, 2024/08/31, 12:07:13.885, 9608538985234, vstest.console.dll, MulticastDelegateUtilities.SafeInvoke: HostProviderEvents.OnHostLaunched: Invoking callback 1/2 for Microsoft.VisualStudio.TestPlatform.CrossPlatEngine.Client.ProxyExecutionManagerWithDataCollection., took 0 ms.
TpTrace Verbose: 0 : 45052, 5, 2024/08/31, 12:07:13.885, 9608538987870, vstest.console.dll, Test Runtime launched
TpTrace Verbose: 0 : 45052, 5, 2024/08/31, 12:07:13.885, 9608538988304, vstest.console.dll, MulticastDelegateUtilities.SafeInvoke: HostProviderEvents.OnHostLaunched: Invoking callback 2/2 for Microsoft.VisualStudio.TestPlatform.CrossPlatEngine.Client.ProxyOperationManager., took 0 ms.
TpTrace Verbose: 0 : 45052, 5, 2024/08/31, 12:07:13.885, 9608538989212, vstest.console.dll, TestRequestSender.WaitForRequestHandlerConnection: waiting for connection with timeout: 90000.
TpTrace Verbose: 0 : 45052, 13, 2024/08/31, 12:07:14.019, 9608540328477, vstest.console.dll, MulticastDelegateUtilities.SafeInvoke: SocketServer: ClientConnected: Invoking callback 1/1 for Microsoft.VisualStudio.TestPlatform.CommunicationUtilities.TestRequestSender., took 0 ms.
TpTrace Verbose: 0 : 45052, 13, 2024/08/31, 12:07:14.019, 9608540329437, vstest.console.dll, SocketServer.OnClientConnected: Client connected for endPoint: 127.0.0.1:56146, starting MessageLoopAsync:
TpTrace Verbose: 0 : 45052, 5, 2024/08/31, 12:07:14.019, 9608540328715, vstest.console.dll, TestRequestSender.WaitForRequestHandlerConnection: waiting took 133 ms, with timeout 90000 ms, and result 0, which is success.
TpTrace Verbose: 0 : 45052, 13, 2024/08/31, 12:07:14.020, 9608540333886, vstest.console.dll, TcpClientExtensions.MessageLoopAsync: Polling on remoteEndPoint: 127.0.0.1:56147 localEndPoint: 127.0.0.1:56146 after 0 ms
TpTrace Verbose: 0 : 45052, 5, 2024/08/31, 12:07:14.020, 9608540337399, vstest.console.dll, TestRequestSender.CheckVersionWithTestHost: Sending check version message: {"MessageType":"ProtocolVersion","Payload":7}
TpTrace Verbose: 0 : 45052, 13, 2024/08/31, 12:07:14.082, 9608540951286, vstest.console.dll, TcpClientExtensions.MessageLoopAsync: NotifyDataAvailable remoteEndPoint: 127.0.0.1:56147 localEndPoint: 127.0.0.1:56146
TpTrace Verbose: 0 : 45052, 13, 2024/08/31, 12:07:14.082, 9608540953359, vstest.console.dll, TestRequestSender.CheckVersionWithTestHost: onMessageReceived received message: (ProtocolVersion) -> {"MessageType":"ProtocolVersion","Payload":7}
TpTrace Verbose: 0 : 45052, 13, 2024/08/31, 12:07:14.082, 9608540957351, vstest.console.dll, MulticastDelegateUtilities.SafeInvoke: LengthPrefixCommunicationChannel: MessageReceived: Invoking callback 1/1 for Microsoft.VisualStudio.TestPlatform.CommunicationUtilities.TestRequestSender+<>c__DisplayClass29_0., took 0 ms.
TpTrace Verbose: 0 : 45052, 13, 2024/08/31, 12:07:14.082, 9608540958063, vstest.console.dll, TcpClientExtensions.MessageLoopAsync: Polling on remoteEndPoint: 127.0.0.1:56147 localEndPoint: 127.0.0.1:56146 after 62 ms
TpTrace Verbose: 0 : 45052, 5, 2024/08/31, 12:07:14.082, 9608540959262, vstest.console.dll, TestPluginCache.GetExtensionPaths: Filtered extension paths: 
TpTrace Verbose: 0 : 45052, 5, 2024/08/31, 12:07:14.082, 9608540959537, vstest.console.dll, TestPluginCache.GetExtensionPaths: Added default extension paths: C:\Program Files\dotnet\sdk\8.0.400\Extensions\Microsoft.Diagnostics.NETCore.Client.dll
C:\Program Files\dotnet\sdk\8.0.400\Extensions\Microsoft.TestPlatform.Extensions.BlameDataCollector.dll
C:\Program Files\dotnet\sdk\8.0.400\Extensions\Microsoft.TestPlatform.Extensions.EventLogCollector.dll
C:\Program Files\dotnet\sdk\8.0.400\Extensions\Microsoft.TestPlatform.TestHostRuntimeProvider.dll
C:\Program Files\dotnet\sdk\8.0.400\Extensions\Microsoft.VisualStudio.TestPlatform.Extensions.Html.TestLogger.dll
C:\Program Files\dotnet\sdk\8.0.400\Extensions\Microsoft.VisualStudio.TestPlatform.Extensions.Trx.TestLogger.dll
TpTrace Verbose: 0 : 45052, 5, 2024/08/31, 12:07:14.082, 9608540960209, vstest.console.dll, TestPluginCache.GetExtensionPaths: Added unfilterableExtensionPaths: 
TpTrace Verbose: 0 : 45052, 5, 2024/08/31, 12:07:14.084, 9608540974827, vstest.console.dll, TestRequestSender.InitializeExecution: Sending initialize execution with message: {"Version":7,"MessageType":"TestExecution.Initialize","Payload":["D:\\E\\OOP\\UnitTest\\Employee\\EmployeeXUnitTest\\bin\\Debug\\net8.0\\fine-code-coverage\\build-output\\xunit.runner.visualstudio.dotnetcore.testadapter.dll"]}
TpTrace Verbose: 0 : 45052, 5, 2024/08/31, 12:07:14.084, 9608540975888, vstest.console.dll, ParallelProxyExecutionManager.StartTestRunOnConcurrentManager: Execution starting. Started clients: 1
TpTrace Verbose: 0 : 45052, 5, 2024/08/31, 12:07:14.084, 9608540977265, vstest.console.dll, TestRunRequest:SendTestRunMessage: Starting.
TpTrace Verbose: 0 : 45052, 5, 2024/08/31, 12:07:14.084, 9608540978123, vstest.console.dll, MulticastDelegateUtilities.SafeInvoke: TestRun.LogMessages: Invoking callback 1/1 for Microsoft.VisualStudio.TestPlatform.CommandLine.TestRunResultAggregator., took 0 ms.
TpTrace Information: 0 : 45052, 5, 2024/08/31, 12:07:14.084, 9608540978313, vstest.console.dll, TestRunRequest:SendTestRunMessage: Completed.
TpTrace Warning: 0 : 45052, 5, 2024/08/31, 12:07:14.084, 9608540980520, vstest.console.dll, InferRunSettingsHelper.MakeRunsettingsCompatible: Removing the following settings: TargetPlatform from RunSettings file. To use those settings please move to latest version of Microsoft.NET.Test.Sdk
TpTrace Verbose: 0 : 45052, 4, 2024/08/31, 12:07:14.084, 9608540980775, vstest.console.dll, MulticastDelegateUtilities.SafeInvoke: InternalTestLoggerEvents.SendTestRunMessage: Invoking callback 1/1 for Microsoft.VisualStudio.TestPlatform.CommandLine.Internal.ConsoleLogger., took 0 ms.
TpTrace Verbose: 0 : 45052, 13, 2024/08/31, 12:07:14.085, 9608540984310, vstest.console.dll, TcpClientExtensions.MessageLoopAsync: NotifyDataAvailable remoteEndPoint: 127.0.0.1:56147 localEndPoint: 127.0.0.1:56146
TpTrace Verbose: 0 : 45052, 13, 2024/08/31, 12:07:14.085, 9608540986958, vstest.console.dll, TestRequestSender.OnExecutionMessageReceived: Received message: {"Version":7,"MessageType":"TestSession.Message","Payload":{"MessageLevel":0,"Message":"Logging TestHost Diagnostics in file: D:\\E\\OOP\\UnitTest\\Employee\\EmployeeXUnitTest\\bin\\Debug\\net8.0\\fine-code-coverage\\coverage-tool-output\\diagnostics.host.24-08-31_12-07-13_87600_5.log"}}
TpTrace Verbose: 0 : 45052, 5, 2024/08/31, 12:07:14.087, 9608541008990, vstest.console.dll, TestRequestSender.StartTestRun: Sending test run with message: {"Version":7,"MessageType":"TestExecution.StartWithSources","Payload":{"AdapterSourceMap":{"_none_":["D:\\E\\OOP\\UnitTest\\Employee\\EmployeeXUnitTest\\bin\\Debug\\net8.0\\fine-code-coverage\\build-output\\EmployeeXUnitTest.dll"]},"RunSettings":"<RunSettings>\r\n  <RunConfiguration>\r\n    <ResultsDirectory>D:\\E\\OOP\\UnitTest\\Employee\\EmployeeXUnitTest\\bin\\Debug\\net8.0\\fine-code-coverage\\coverage-tool-output</ResultsDirectory>\r\n    <TargetFrameworkVersion>.NETCoreApp,Version=v8.0</TargetFrameworkVersion>\r\n    <DesignMode>False</DesignMode>\r\n    <CollectSourceInformation>False</CollectSourceInformation>\r\n  </RunConfiguration>\r\n  <LoggerRunSettings>\r\n    <Loggers>\r\n      <Logger friendlyName=\"blame\" enabled=\"True\" />\r\n      <Logger friendlyName=\"Console\" uri=\"logger://microsoft/TestPlatform/ConsoleLogger/v1\" assemblyQualifiedName=\"Microsoft.VisualStudio.TestPlatform.CommandLine.Internal.ConsoleLogger, vstest.console, Version=15.0.0.0, Culture=neutral, PublicKeyToken=b03f5f7f11d50a3a\" codeBase=\"C:\\Program Files\\dotnet\\sdk\\8.0.400\\vstest.console.dll\" enabled=\"True\" />\r\n    </Loggers>\r\n  </LoggerRunSettings>\r\n  <DataCollectionRunSettings>\r\n    <DataCollectors>\r\n      <DataCollector friendlyName=\"blame\" enabled=\"True\">\r\n        <Configuration>\r\n          <ResultsDirectory>D:\\E\\OOP\\UnitTest\\Employee\\EmployeeXUnitTest\\bin\\Debug\\net8.0\\fine-code-coverage\\coverage-tool-output</ResultsDirectory>\r\n        </Configuration>\r\n      </DataCollector>\r\n    </DataCollectors>\r\n  </DataCollectionRunSettings>\r\n</RunSettings>","TestExecutionContext":{"FrequencyOfRunStatsChangeEvent":10,"RunStatsChangeEventTimeout":"00:00:01.5000000","InIsolation":false,"KeepAlive":false,"AreTestCaseLevelEventsRequired":false,"IsDebug":false,"TestCaseFilter":null,"FilterOptions":null},"Package":null}}
TpTrace Verbose: 0 : 45052, 13, 2024/08/31, 12:07:14.087, 9608541009085, vstest.console.dll, TestRunRequest:SendTestRunMessage: Starting.
TpTrace Verbose: 0 : 45052, 5, 2024/08/31, 12:07:14.087, 9608541010229, vstest.console.dll, ParallelProxyExecutionManager.StartTestRunOnConcurrentManager: Execution started. Started clients: 1
TpTrace Verbose: 0 : 45052, 13, 2024/08/31, 12:07:14.087, 9608541010859, vstest.console.dll, MulticastDelegateUtilities.SafeInvoke: TestRun.LogMessages: Invoking callback 1/1 for Microsoft.VisualStudio.TestPlatform.CommandLine.TestRunResultAggregator., took 0 ms.
TpTrace Information: 0 : 45052, 13, 2024/08/31, 12:07:14.088, 9608541011324, vstest.console.dll, TestRunRequest:SendTestRunMessage: Completed.
TpTrace Verbose: 0 : 45052, 13, 2024/08/31, 12:07:14.088, 9608541011554, vstest.console.dll, MulticastDelegateUtilities.SafeInvoke: LengthPrefixCommunicationChannel: MessageReceived: Invoking callback 1/1 for Microsoft.VisualStudio.TestPlatform.CommunicationUtilities.TestRequestSender+<>c__DisplayClass34_0., took 2 ms.
TpTrace Verbose: 0 : 45052, 13, 2024/08/31, 12:07:14.088, 9608541011696, vstest.console.dll, TcpClientExtensions.MessageLoopAsync: Polling on remoteEndPoint: 127.0.0.1:56147 localEndPoint: 127.0.0.1:56146 after 5 ms
TpTrace Verbose: 0 : 45052, 4, 2024/08/31, 12:07:14.088, 9608541012217, vstest.console.dll, MulticastDelegateUtilities.SafeInvoke: InternalTestLoggerEvents.SendTestRunMessage: Invoking callback 1/1 for Microsoft.VisualStudio.TestPlatform.CommandLine.Internal.ConsoleLogger., took 0 ms.
TpTrace Verbose: 0 : 45052, 13, 2024/08/31, 12:07:14.164, 9608541774785, vstest.console.dll, TcpClientExtensions.MessageLoopAsync: NotifyDataAvailable remoteEndPoint: 127.0.0.1:56147 localEndPoint: 127.0.0.1:56146
TpTrace Verbose: 0 : 45052, 13, 2024/08/31, 12:07:14.164, 9608541776163, vstest.console.dll, TestRequestSender.OnExecutionMessageReceived: Received message: {"Version":7,"MessageType":"TestSession.Message","Payload":{"MessageLevel":0,"Message":"[xUnit.net 00:00:00.00] xUnit.net VSTest Adapter v2.5.3.1+6b60a9e56a (64-bit .NET 8.0.8)"}}
TpTrace Verbose: 0 : 45052, 13, 2024/08/31, 12:07:14.164, 9608541777549, vstest.console.dll, TestRunRequest:SendTestRunMessage: Starting.
TpTrace Verbose: 0 : 45052, 13, 2024/08/31, 12:07:14.164, 9608541777998, vstest.console.dll, MulticastDelegateUtilities.SafeInvoke: TestRun.LogMessages: Invoking callback 1/1 for Microsoft.VisualStudio.TestPlatform.CommandLine.TestRunResultAggregator., took 0 ms.
TpTrace Information: 0 : 45052, 13, 2024/08/31, 12:07:14.164, 9608541778196, vstest.console.dll, TestRunRequest:SendTestRunMessage: Completed.
TpTrace Verbose: 0 : 45052, 13, 2024/08/31, 12:07:14.164, 9608541778342, vstest.console.dll, MulticastDelegateUtilities.SafeInvoke: LengthPrefixCommunicationChannel: MessageReceived: Invoking callback 1/1 for Microsoft.VisualStudio.TestPlatform.CommunicationUtilities.TestRequestSender+<>c__DisplayClass34_0., took 0 ms.
TpTrace Verbose: 0 : 45052, 13, 2024/08/31, 12:07:14.164, 9608541778505, vstest.console.dll, TcpClientExtensions.MessageLoopAsync: Polling on remoteEndPoint: 127.0.0.1:56147 localEndPoint: 127.0.0.1:56146 after 76 ms
TpTrace Verbose: 0 : 45052, 4, 2024/08/31, 12:07:14.164, 9608541779300, vstest.console.dll, MulticastDelegateUtilities.SafeInvoke: InternalTestLoggerEvents.SendTestRunMessage: Invoking callback 1/1 for Microsoft.VisualStudio.TestPlatform.CommandLine.Internal.ConsoleLogger., took 0 ms.
TpTrace Verbose: 0 : 45052, 13, 2024/08/31, 12:07:14.213, 9608542266802, vstest.console.dll, TcpClientExtensions.MessageLoopAsync: NotifyDataAvailable remoteEndPoint: 127.0.0.1:56147 localEndPoint: 127.0.0.1:56146
TpTrace Verbose: 0 : 45052, 13, 2024/08/31, 12:07:14.213, 9608542268228, vstest.console.dll, TestRequestSender.OnExecutionMessageReceived: Received message: {"Version":7,"MessageType":"TestSession.Message","Payload":{"MessageLevel":0,"Message":"[xUnit.net 00:00:00.05]   Discovering: EmployeeXUnitTest"}}
TpTrace Verbose: 0 : 45052, 13, 2024/08/31, 12:07:14.213, 9608542269062, vstest.console.dll, TestRunRequest:SendTestRunMessage: Starting.
TpTrace Verbose: 0 : 45052, 13, 2024/08/31, 12:07:14.213, 9608542269451, vstest.console.dll, MulticastDelegateUtilities.SafeInvoke: TestRun.LogMessages: Invoking callback 1/1 for Microsoft.VisualStudio.TestPlatform.CommandLine.TestRunResultAggregator., took 0 ms.
TpTrace Information: 0 : 45052, 13, 2024/08/31, 12:07:14.213, 9608542269634, vstest.console.dll, TestRunRequest:SendTestRunMessage: Completed.
TpTrace Verbose: 0 : 45052, 13, 2024/08/31, 12:07:14.213, 9608542269776, vstest.console.dll, MulticastDelegateUtilities.SafeInvoke: LengthPrefixCommunicationChannel: MessageReceived: Invoking callback 1/1 for Microsoft.VisualStudio.TestPlatform.CommunicationUtilities.TestRequestSender+<>c__DisplayClass34_0., took 0 ms.
TpTrace Verbose: 0 : 45052, 13, 2024/08/31, 12:07:14.213, 9608542269928, vstest.console.dll, TcpClientExtensions.MessageLoopAsync: Polling on remoteEndPoint: 127.0.0.1:56147 localEndPoint: 127.0.0.1:56146 after 49 ms
TpTrace Verbose: 0 : 45052, 4, 2024/08/31, 12:07:14.213, 9608542269886, vstest.console.dll, MulticastDelegateUtilities.SafeInvoke: InternalTestLoggerEvents.SendTestRunMessage: Invoking callback 1/1 for Microsoft.VisualStudio.TestPlatform.CommandLine.Internal.ConsoleLogger., took 0 ms.
TpTrace Verbose: 0 : 45052, 13, 2024/08/31, 12:07:14.249, 9608542626352, vstest.console.dll, TcpClientExtensions.MessageLoopAsync: NotifyDataAvailable remoteEndPoint: 127.0.0.1:56147 localEndPoint: 127.0.0.1:56146
TpTrace Verbose: 0 : 45052, 13, 2024/08/31, 12:07:14.249, 9608542627892, vstest.console.dll, TestRequestSender.OnExecutionMessageReceived: Received message: {"Version":7,"MessageType":"TestSession.Message","Payload":{"MessageLevel":0,"Message":"[xUnit.net 00:00:00.08]   Discovered:  EmployeeXUnitTest"}}
TpTrace Verbose: 0 : 45052, 13, 2024/08/31, 12:07:14.249, 9608542628931, vstest.console.dll, TestRunRequest:SendTestRunMessage: Starting.
TpTrace Verbose: 0 : 45052, 13, 2024/08/31, 12:07:14.249, 9608542629522, vstest.console.dll, MulticastDelegateUtilities.SafeInvoke: TestRun.LogMessages: Invoking callback 1/1 for Microsoft.VisualStudio.TestPlatform.CommandLine.TestRunResultAggregator., took 0 ms.
TpTrace Information: 0 : 45052, 13, 2024/08/31, 12:07:14.249, 9608542629896, vstest.console.dll, TestRunRequest:SendTestRunMessage: Completed.
TpTrace Verbose: 0 : 45052, 13, 2024/08/31, 12:07:14.249, 9608542630217, vstest.console.dll, MulticastDelegateUtilities.SafeInvoke: LengthPrefixCommunicationChannel: MessageReceived: Invoking callback 1/1 for Microsoft.VisualStudio.TestPlatform.CommunicationUtilities.TestRequestSender+<>c__DisplayClass34_0., took 0 ms.
TpTrace Verbose: 0 : 45052, 13, 2024/08/31, 12:07:14.249, 9608542630546, vstest.console.dll, TcpClientExtensions.MessageLoopAsync: Polling on remoteEndPoint: 127.0.0.1:56147 localEndPoint: 127.0.0.1:56146 after 36 ms
TpTrace Verbose: 0 : 45052, 4, 2024/08/31, 12:07:14.249, 9608542630636, vstest.console.dll, MulticastDelegateUtilities.SafeInvoke: InternalTestLoggerEvents.SendTestRunMessage: Invoking callback 1/1 for Microsoft.VisualStudio.TestPlatform.CommandLine.Internal.ConsoleLogger., took 0 ms.
TpTrace Verbose: 0 : 45052, 13, 2024/08/31, 12:07:14.250, 9608542640826, vstest.console.dll, TcpClientExtensions.MessageLoopAsync: NotifyDataAvailable remoteEndPoint: 127.0.0.1:56147 localEndPoint: 127.0.0.1:56146
TpTrace Verbose: 0 : 45052, 13, 2024/08/31, 12:07:14.251, 9608542641649, vstest.console.dll, TestRequestSender.OnExecutionMessageReceived: Received message: {"Version":7,"MessageType":"TestSession.Message","Payload":{"MessageLevel":0,"Message":"[xUnit.net 00:00:00.08]   Starting:    EmployeeXUnitTest"}}
TpTrace Verbose: 0 : 45052, 13, 2024/08/31, 12:07:14.251, 9608542642532, vstest.console.dll, TestRunRequest:SendTestRunMessage: Starting.
TpTrace Verbose: 0 : 45052, 13, 2024/08/31, 12:07:14.251, 9608542642813, vstest.console.dll, MulticastDelegateUtilities.SafeInvoke: TestRun.LogMessages: Invoking callback 1/1 for Microsoft.VisualStudio.TestPlatform.CommandLine.TestRunResultAggregator., took 0 ms.
TpTrace Information: 0 : 45052, 13, 2024/08/31, 12:07:14.251, 9608542642991, vstest.console.dll, TestRunRequest:SendTestRunMessage: Completed.
TpTrace Verbose: 0 : 45052, 13, 2024/08/31, 12:07:14.251, 9608542643117, vstest.console.dll, MulticastDelegateUtilities.SafeInvoke: LengthPrefixCommunicationChannel: MessageReceived: Invoking callback 1/1 for Microsoft.VisualStudio.TestPlatform.CommunicationUtilities.TestRequestSender+<>c__DisplayClass34_0., took 0 ms.
TpTrace Verbose: 0 : 45052, 13, 2024/08/31, 12:07:14.251, 9608542643251, vstest.console.dll, TcpClientExtensions.MessageLoopAsync: Polling on remoteEndPoint: 127.0.0.1:56147 localEndPoint: 127.0.0.1:56146 after 1 ms
TpTrace Verbose: 0 : 45052, 4, 2024/08/31, 12:07:14.251, 9608542644058, vstest.console.dll, MulticastDelegateUtilities.SafeInvoke: InternalTestLoggerEvents.SendTestRunMessage: Invoking callback 1/1 for Microsoft.VisualStudio.TestPlatform.CommandLine.Internal.ConsoleLogger., took 0 ms.
TpTrace Verbose: 0 : 45052, 13, 2024/08/31, 12:07:14.341, 9608543545604, vstest.console.dll, TcpClientExtensions.MessageLoopAsync: NotifyDataAvailable remoteEndPoint: 127.0.0.1:56147 localEndPoint: 127.0.0.1:56146
TpTrace Verbose: 0 : 45052, 13, 2024/08/31, 12:07:14.341, 9608543548172, vstest.console.dll, TestRequestSender.OnExecutionMessageReceived: Received message: {"Version":7,"MessageType":"TestSession.Message","Payload":{"MessageLevel":0,"Message":"[xUnit.net 00:00:00.17]   Finished:    EmployeeXUnitTest"}}
TpTrace Verbose: 0 : 45052, 13, 2024/08/31, 12:07:14.341, 9608543549835, vstest.console.dll, TestRunRequest:SendTestRunMessage: Starting.
TpTrace Verbose: 0 : 45052, 13, 2024/08/31, 12:07:14.341, 9608543550352, vstest.console.dll, MulticastDelegateUtilities.SafeInvoke: TestRun.LogMessages: Invoking callback 1/1 for Microsoft.VisualStudio.TestPlatform.CommandLine.TestRunResultAggregator., took 0 ms.
TpTrace Information: 0 : 45052, 13, 2024/08/31, 12:07:14.341, 9608543550594, vstest.console.dll, TestRunRequest:SendTestRunMessage: Completed.
TpTrace Verbose: 0 : 45052, 13, 2024/08/31, 12:07:14.341, 9608543550855, vstest.console.dll, MulticastDelegateUtilities.SafeInvoke: LengthPrefixCommunicationChannel: MessageReceived: Invoking callback 1/1 for Microsoft.VisualStudio.TestPlatform.CommunicationUtilities.TestRequestSender+<>c__DisplayClass34_0., took 0 ms.
TpTrace Verbose: 0 : 45052, 13, 2024/08/31, 12:07:14.341, 9608543551059, vstest.console.dll, TcpClientExtensions.MessageLoopAsync: Polling on remoteEndPoint: 127.0.0.1:56147 localEndPoint: 127.0.0.1:56146 after 90 ms
TpTrace Verbose: 0 : 45052, 4, 2024/08/31, 12:07:14.342, 9608543551891, vstest.console.dll, MulticastDelegateUtilities.SafeInvoke: InternalTestLoggerEvents.SendTestRunMessage: Invoking callback 1/1 for Microsoft.VisualStudio.TestPlatform.CommandLine.Internal.ConsoleLogger., took 0 ms.
TpTrace Verbose: 0 : 45052, 13, 2024/08/31, 12:07:14.380, 9608543939159, vstest.console.dll, TcpClientExtensions.MessageLoopAsync: NotifyDataAvailable remoteEndPoint: 127.0.0.1:56147 localEndPoint: 127.0.0.1:56146
TpTrace Verbose: 0 : 45052, 13, 2024/08/31, 12:07:14.381, 9608543942003, vstest.console.dll, TestRequestSender.OnExecutionMessageReceived: Received message: {"Version":7,"MessageType":"TestExecution.Completed","Payload":{"TestRunCompleteArgs":{"TestRunStatistics":{"ExecutedTests":6,"Stats":{"Passed":6}},"IsCanceled":false,"IsAborted":false,"Error":null,"AttachmentSets":[],"InvokedDataCollectors":[],"ElapsedTimeInRunningTests":"00:00:00.1857360","Metrics":{},"DiscoveredExtensions":{"TestDiscoverers":["Xunit.Runner.VisualStudio.VsTestRunner, xunit.runner.visualstudio.dotnetcore.testadapter, Version=2.5.0.0, Culture=neutral, PublicKeyToken=null"],"TestExecutors":["executor://xunit/VsTestRunner2/netcoreapp"],"TestExecutors2":[],"TestSettingsProviders":[]}},"LastRunTests":{"NewTestResults":[{"TestCase":{"Id":"51911521-5370-328e-a62d-e19d49622e94","FullyQualifiedName":"EmployeeXUnitTest.ThrowsDivedByZeroExceptionTest.GetDividedByZeroException","DisplayName":"EmployeeXUnitTest.ThrowsDivedByZeroExceptionTest.GetDividedByZeroException","ExecutorUri":"executor://xunit/VsTestRunner2/netcoreapp","Source":"D:\\E\\OOP\\UnitTest\\Employee\\EmployeeXUnitTest\\bin\\Debug\\net8.0\\fine-code-coverage\\build-output\\EmployeeXUnitTest.dll","CodeFilePath":null,"LineNumber":0,"Properties":[]},"Attachments":[],"Outcome":1,"ErrorMessage":null,"ErrorStackTrace":null,"DisplayName":"EmployeeXUnitTest.ThrowsDivedByZeroExceptionTest.GetDividedByZeroException","Messages":[],"ComputerName":"SQA2023120348","Duration":"00:00:00.0077628","StartTime":"2024-08-31T04:07:14.3060311+00:00","EndTime":"2024-08-31T04:07:14.306057+00:00","Properties":[]},{"TestCase":{"Id":"902752ea-de62-13c1-b2d2-3021b585502d","FullyQualifiedName":"EmployeeXUnitTest.GetSalaryXUnitTest.GetSalaryByGradeXUnit","DisplayName":"EmployeeXUnitTest.GetSalaryXUnitTest.GetSalaryByGradeXUnit","ExecutorUri":"executor://xunit/VsTestRunner2/netcoreapp","Source":"D:\\E\\OOP\\UnitTest\\Employee\\EmployeeXUnitTest\\bin\\Debug\\net8.0\\fine-code-coverage\\build-output\\EmployeeXUnitTest.dll","CodeFilePath":null,"LineNumber":0,"Properties":[]},"Attachments":[],"Outcome":1,"ErrorMessage":null,"ErrorStackTrace":null,"DisplayName":"EmployeeXUnitTest.GetSalaryXUnitTest.GetSalaryByGradeXUnit","Messages":[],"ComputerName":"SQA2023120348","Duration":"00:00:00.0096169","StartTime":"2024-08-31T04:07:14.3191271+00:00","EndTime":"2024-08-31T04:07:14.3191272+00:00","Properties":[]},{"TestCase":{"Id":"393abbae-24a1-d227-8cd8-aede3fe4403c","FullyQualifiedName":"EmployeeXUnitTest.GetSalaryXUnitTest.GetSalarybyGradeParameter","DisplayName":"EmployeeXUnitTest.GetSalaryXUnitTest.GetSalarybyGradeParameter(x: 1, expected: 8000)","ExecutorUri":"executor://xunit/VsTestRunner2/netcoreapp","Source":"D:\\E\\OOP\\UnitTest\\Employee\\EmployeeXUnitTest\\bin\\Debug\\net8.0\\fine-code-coverage\\build-output\\EmployeeXUnitTest.dll","CodeFilePath":null,"LineNumber":0,"Properties":[]},"Attachments":[],"Outcome":1,"ErrorMessage":null,"ErrorStackTrace":null,"DisplayName":"EmployeeXUnitTest.GetSalaryXUnitTest.GetSalarybyGradeParameter(x: 1, expected: 8000)","Messages":[],"ComputerName":"SQA2023120348","Duration":"00:00:00.0001900","StartTime":"2024-08-31T04:07:14.3248784+00:00","EndTime":"2024-08-31T04:07:14.3248786+00:00","Properties":[]},{"TestCase":{"Id":"1a98f825-f331-ffa1-bbd0-663daecb52b5","FullyQualifiedName":"EmployeeXUnitTest.GetSalaryXUnitTest.GetSalarybyGradeParameter","DisplayName":"EmployeeXUnitTest.GetSalaryXUnitTest.GetSalarybyGradeParameter(x: 6, expected: 14000)","ExecutorUri":"executor://xunit/VsTestRunner2/netcoreapp","Source":"D:\\E\\OOP\\UnitTest\\Employee\\EmployeeXUnitTest\\bin\\Debug\\net8.0\\fine-code-coverage\\build-output\\EmployeeXUnitTest.dll","CodeFilePath":null,"LineNumber":0,"Properties":[]},"Attachments":[],"Outcome":1,"ErrorMessage":null,"ErrorStackTrace":null,"DisplayName":"EmployeeXUnitTest.GetSalaryXUnitTest.GetSalarybyGradeParameter(x: 6, expected: 14000)","Messages":[],"ComputerName":"SQA2023120348","Duration":"00:00:00.0004449","StartTime":"2024-08-31T04:07:14.3275577+00:00","EndTime":"2024-08-31T04:07:14.3275578+00:00","Properties":[]},{"TestCase":{"Id":"27b7440f-00ba-babd-28fa-55551afb4a8f","FullyQualifiedName":"EmployeeXUnitTest.GetSalaryXUnitTest.GetSalarybyGradeParameter","DisplayName":"EmployeeXUnitTest.GetSalaryXUnitTest.GetSalarybyGradeParameter(x: 2, expected: 8000)","ExecutorUri":"executor://xunit/VsTestRunner2/netcoreapp","Source":"D:\\E\\OOP\\UnitTest\\Employee\\EmployeeXUnitTest\\bin\\Debug\\net8.0\\fine-code-coverage\\build-output\\EmployeeXUnitTest.dll","CodeFilePath":null,"LineNumber":0,"Properties":[]},"Attachments":[],"Outcome":1,"ErrorMessage":null,"ErrorStackTrace":null,"DisplayName":"EmployeeXUnitTest.GetSalaryXUnitTest.GetSalarybyGradeParameter(x: 2, expected: 8000)","Messages":[],"ComputerName":"SQA2023120348","Duration":"00:00:00.0000122","StartTime":"2024-08-31T04:07:14.3303678+00:00","EndTime":"2024-08-31T04:07:14.3303679+00:00","Properties":[]},{"TestCase":{"Id":"e0651fc1-8b58-06f8-a9e6-45c3c3cac2e5","FullyQualifiedName":"EmployeeXUnitTest.OrderServiceTest.GetOrderByIdInCorrectOrder","DisplayName":"EmployeeXUnitTest.OrderServiceTest.GetOrderByIdInCorrectOrder","ExecutorUri":"executor://xunit/VsTestRunner2/netcoreapp","Source":"D:\\E\\OOP\\UnitTest\\Employee\\EmployeeXUnitTest\\bin\\Debug\\net8.0\\fine-code-coverage\\build-output\\EmployeeXUnitTest.dll","CodeFilePath":null,"LineNumber":0,"Properties":[]},"Attachments":[],"Outcome":1,"ErrorMessage":null,"ErrorStackTrace":null,"DisplayName":"EmployeeXUnitTest.OrderServiceTest.GetOrderByIdInCorrectOrder","Messages":[],"ComputerName":"SQA2023120348","Duration":"00:00:00.0469526","StartTime":"2024-08-31T04:07:14.3380723+00:00","EndTime":"2024-08-31T04:07:14.3380725+00:00","Properties":[]}],"TestRunStatistics":{"ExecutedTests":6,"Stats":{"Passed":6}},"ActiveTests":[]},"RunAttachments":[],"ExecutorUris":["executor://xunit/VsTestRunner2/netcoreapp"]}}
TpTrace Verbose: 0 : 45052, 13, 2024/08/31, 12:07:14.381, 9608543942906, vstest.console.dll, TestRequestSender.EndSession: Sending end session.
TpTrace Verbose: 0 : 45052, 13, 2024/08/31, 12:07:14.381, 9608543944436, vstest.console.dll, ProxyOperationManager.Close: waiting for test host to exit for 100 ms
TpTrace Verbose: 0 : 45052, 7, 2024/08/31, 12:07:14.414, 9608544272233, vstest.console.dll, TestHostManagerCallbacks.StandardOutputReceivedCallback Test host standard output line: 
TpTrace Warning: 0 : 45052, 12, 2024/08/31, 12:07:14.414, 9608544272259, vstest.console.dll, TestHostManagerCallbacks.ErrorReceivedCallback Test host standard error line: 
TpTrace Verbose: 0 : 45052, 12, 2024/08/31, 12:07:14.422, 9608544356986, vstest.console.dll, TestHostProvider.ExitCallBack: Host exited starting callback.
TpTrace Information: 0 : 45052, 12, 2024/08/31, 12:07:14.422, 9608544358605, vstest.console.dll, TestHostManagerCallbacks.ExitCallBack: Testhost processId: 12300 exited with exitcode: 0 error: ''
TpTrace Verbose: 0 : 45052, 12, 2024/08/31, 12:07:14.422, 9608544358865, vstest.console.dll, DotnetTestHostManager.OnHostExited: invoking OnHostExited callback
TpTrace Verbose: 0 : 45052, 12, 2024/08/31, 12:07:14.422, 9608544359556, vstest.console.dll, CrossPlatEngine.TestHostManagerHostExited: calling on client process exit callback.
TpTrace Information: 0 : 45052, 12, 2024/08/31, 12:07:14.422, 9608544359954, vstest.console.dll, TestRequestSender.OnClientProcessExit: Test host process exited. Standard error: 
TpTrace Information: 0 : 45052, 12, 2024/08/31, 12:07:14.422, 9608544360247, vstest.console.dll, SocketServer.Stop: Stop server endPoint: 127.0.0.1:56146
TpTrace Information: 0 : 45052, 12, 2024/08/31, 12:07:14.422, 9608544360382, vstest.console.dll, SocketServer.Stop: Cancellation requested. Stopping message loop.
TpTrace Information: 0 : 45052, 13, 2024/08/31, 12:07:14.422, 9608544360897, vstest.console.dll, SocketServer.Stop: Stop server endPoint: 127.0.0.1:56146
TpTrace Verbose: 0 : 45052, 12, 2024/08/31, 12:07:14.422, 9608544361152, vstest.console.dll, MulticastDelegateUtilities.SafeInvoke: HostProviderEvents.OnHostExited: Invoking callback 1/1 for Microsoft.VisualStudio.TestPlatform.CrossPlatEngine.Client.ProxyOperationManager., took 0 ms.
TpTrace Information: 0 : 45052, 13, 2024/08/31, 12:07:14.423, 9608544361809, vstest.console.dll, SocketServer.Stop: Cancellation requested. Stopping message loop.
TpTrace Information: 0 : 45052, 13, 2024/08/31, 12:07:14.423, 9608544362965, vstest.console.dll, Closing the connection
TpTrace Verbose: 0 : 45052, 13, 2024/08/31, 12:07:14.423, 9608544365522, vstest.console.dll, ProxyDataCollectionManager.InvokeDataCollectionServiceAction: Starting.
TpTrace Information: 0 : 45052, 13, 2024/08/31, 12:07:14.423, 9608544366068, vstest.console.dll, ProxyDataCollectionManager.AfterTestRunEnd: Get attachment set and invoked data collectors processId: 13256 port: 56143
TpTrace Verbose: 0 : 45052, 13, 2024/08/31, 12:07:14.423, 9608544366721, vstest.console.dll, DataCollectionRequestSender.SendAfterTestRunStartAndGetResult: Send AfterTestRunEnd message with isCancelled: False
TpTrace Verbose: 0 : 45052, 13, 2024/08/31, 12:07:14.427, 9608544407328, vstest.console.dll, DataCollectionRequestSender.SendAfterTestRunStartAndGetResult: Received message: (DataCollection.AfterTestRunEndResult) -> {"MessageType":"DataCollection.AfterTestRunEndResult","Payload":{"AttachmentSets":[],"InvokedDataCollectors":[{"Uri":"datacollector://Microsoft/TestPlatform/Extensions/Blame/v1","FriendlyName":"Blame","AssemblyQualifiedName":"Microsoft.TestPlatform.Extensions.BlameDataCollector.BlameCollector, Microsoft.TestPlatform.Extensions.BlameDataCollector, Version=15.0.0.0, Culture=neutral, PublicKeyToken=b03f5f7f11d50a3a","FilePath":"C:\\Program Files\\dotnet\\sdk\\8.0.400\\Extensions\\Microsoft.TestPlatform.Extensions.BlameDataCollector.dll","HasAttachmentProcessor":false}],"Metrics":{}}}
TpTrace Information: 0 : 45052, 13, 2024/08/31, 12:07:14.432, 9608544451887, vstest.console.dll, ProxyDataCollectionManager.InvokeDataCollectionServiceAction: Completed.
TpTrace Warning: 0 : 45052, 10, 2024/08/31, 12:07:14.442, 9608544556104, vstest.console.dll, DataCollectionLauncher.ErrorReceivedCallback datacollector standard error line: 
TpTrace Information: 0 : 45052, 10, 2024/08/31, 12:07:14.448, 9608544611608, vstest.console.dll, DataCollectionLauncher.ExitCallBack: Data collector exited with exitcode: 0 error: ''
TpTrace Verbose: 0 : 45052, 13, 2024/08/31, 12:07:14.472, 9608544853898, vstest.console.dll, TestRunRequest:SendTestRunStatsChange: Starting.
TpTrace Verbose: 0 : 45052, 13, 2024/08/31, 12:07:14.472, 9608544855911, vstest.console.dll, MulticastDelegateUtilities.SafeInvoke: TestRun.RunStatsChanged: Invoking callbacks was skipped because there are no subscribers.
TpTrace Information: 0 : 45052, 13, 2024/08/31, 12:07:14.472, 9608544856234, vstest.console.dll, TestRunRequest:SendTestRunStatsChange: Completed.
TpTrace Verbose: 0 : 45052, 13, 2024/08/31, 12:07:14.472, 9608544857834, vstest.console.dll, ParallelProxyExecutionManager: HandlePartialRunComplete: Total workloads = 1, Total started clients = 1 Total completed clients = 1, Run complete = True, Run canceled: False.
TpTrace Verbose: 0 : 45052, 13, 2024/08/31, 12:07:14.472, 9608544858048, vstest.console.dll, ParallelProxyExecutionManager: HandlePartialRunComplete: All runs completed stopping all managers.
TpTrace Verbose: 0 : 45052, 13, 2024/08/31, 12:07:14.472, 9608544858863, vstest.console.dll, ParallelOperationManager.StopAllManagers: Stopping all managers.
TpTrace Verbose: 0 : 45052, 13, 2024/08/31, 12:07:14.472, 9608544859118, vstest.console.dll, ParallelOperationManager.ClearSlots: Clearing all slots. Slots should accept more work: False
TpTrace Verbose: 0 : 45052, 13, 2024/08/31, 12:07:14.472, 9608544859403, vstest.console.dll, ParallelOperationManager.SetOccupiedSlotCount: Setting slot counts AvailableSlotCount = 1, OccupiedSlotCount = 0.
TpTrace Verbose: 0 : 45052, 13, 2024/08/31, 12:07:14.472, 9608544859600, vstest.console.dll, Occupied slots:

TpTrace Verbose: 0 : 45052, 4, 2024/08/31, 12:07:14.474, 9608544872534, vstest.console.dll, MulticastDelegateUtilities.SafeInvoke: InternalTestLoggerEvents.SendTestResult: Invoking callback 1/1 for Microsoft.VisualStudio.TestPlatform.CommandLine.Internal.ConsoleLogger., took 1 ms.
TpTrace Verbose: 0 : 45052, 4, 2024/08/31, 12:07:14.474, 9608544877412, vstest.console.dll, MulticastDelegateUtilities.SafeInvoke: InternalTestLoggerEvents.SendTestResult: Invoking callback 1/1 for Microsoft.VisualStudio.TestPlatform.CommandLine.Internal.ConsoleLogger., took 0 ms.
TpTrace Verbose: 0 : 45052, 4, 2024/08/31, 12:07:14.474, 9608544878586, vstest.console.dll, MulticastDelegateUtilities.SafeInvoke: InternalTestLoggerEvents.SendTestResult: Invoking callback 1/1 for Microsoft.VisualStudio.TestPlatform.CommandLine.Internal.ConsoleLogger., took 0 ms.
TpTrace Verbose: 0 : 45052, 4, 2024/08/31, 12:07:14.474, 9608544879545, vstest.console.dll, MulticastDelegateUtilities.SafeInvoke: InternalTestLoggerEvents.SendTestResult: Invoking callback 1/1 for Microsoft.VisualStudio.TestPlatform.CommandLine.Internal.ConsoleLogger., took 0 ms.
TpTrace Verbose: 0 : 45052, 4, 2024/08/31, 12:07:14.474, 9608544880291, vstest.console.dll, MulticastDelegateUtilities.SafeInvoke: InternalTestLoggerEvents.SendTestResult: Invoking callback 1/1 for Microsoft.VisualStudio.TestPlatform.CommandLine.Internal.ConsoleLogger., took 0 ms.
TpTrace Verbose: 0 : 45052, 4, 2024/08/31, 12:07:14.474, 9608544880522, vstest.console.dll, MulticastDelegateUtilities.SafeInvoke: InternalTestLoggerEvents.SendTestResult: Invoking callback 1/1 for Microsoft.VisualStudio.TestPlatform.CommandLine.Internal.ConsoleLogger., took 0 ms.
TpTrace Verbose: 0 : 45052, 4, 2024/08/31, 12:07:14.478, 9608544920487, vstest.console.dll, MulticastDelegateUtilities.SafeInvoke: InternalTestLoggerEvents.SendTestRunComplete: Invoking callback 1/2 for Microsoft.TestPlatform.Extensions.BlameDataCollector.BlameLogger., took 0 ms.
TpTrace Verbose: 0 : 45052, 4, 2024/08/31, 12:07:14.482, 9608544957546, vstest.console.dll, MulticastDelegateUtilities.SafeInvoke: InternalTestLoggerEvents.SendTestRunComplete: Invoking callback 2/2 for Microsoft.VisualStudio.TestPlatform.CommandLine.Internal.ConsoleLogger., took 3 ms.
TpTrace Verbose: 0 : 45052, 13, 2024/08/31, 12:07:14.483, 9608544964135, vstest.console.dll, TestRunRequest:TestRunComplete: Starting. IsAborted:False IsCanceled:False.
TpTrace Verbose: 0 : 45052, 13, 2024/08/31, 12:07:14.483, 9608544965274, vstest.console.dll, ParallelOperationManager.DoActionOnAllManagers: Calling an action on all managers.
TpTrace Verbose: 0 : 45052, 13, 2024/08/31, 12:07:14.483, 9608544970404, vstest.console.dll, TestLoggerManager.HandleTestRunComplete: Ignoring as the object is disposed.
TpTrace Verbose: 0 : 45052, 13, 2024/08/31, 12:07:14.484, 9608544971767, vstest.console.dll, MulticastDelegateUtilities.SafeInvoke: TestRun.TestRunComplete: Invoking callback 1/2 for Microsoft.VisualStudio.TestPlatform.CommandLine.TestRunResultAggregator., took 0 ms.
TpTrace Verbose: 0 : 45052, 13, 2024/08/31, 12:07:14.484, 9608544972422, vstest.console.dll, MulticastDelegateUtilities.SafeInvoke: TestRun.TestRunComplete: Invoking callback 2/2 for Microsoft.VisualStudio.TestPlatform.CommandLine.Processors.RunTestsArgumentExecutor+TestRunRequestEventsRegistrar., took 0 ms.
TpTrace Information: 0 : 45052, 13, 2024/08/31, 12:07:14.484, 9608544973159, vstest.console.dll, TestRunRequest:TestRunComplete: Completed.
TpTrace Verbose: 0 : 45052, 13, 2024/08/31, 12:07:14.484, 9608544973439, vstest.console.dll, TestRequestSender.SetOperationComplete: Setting operation complete.
TpTrace Information: 0 : 45052, 13, 2024/08/31, 12:07:14.484, 9608544973588, vstest.console.dll, SocketServer.Stop: Stop server endPoint: 127.0.0.1:56146
TpTrace Information: 0 : 45052, 13, 2024/08/31, 12:07:14.484, 9608544973716, vstest.console.dll, SocketServer.Stop: Cancellation requested. Stopping message loop.
TpTrace Verbose: 0 : 45052, 1, 2024/08/31, 12:07:14.484, 9608544973619, vstest.console.dll, TestRunRequest.Dispose: Starting.
TpTrace Information: 0 : 45052, 1, 2024/08/31, 12:07:14.484, 9608544974358, vstest.console.dll, TestRunRequest.Dispose: Completed.
TpTrace Information: 0 : 45052, 1, 2024/08/31, 12:07:14.484, 9608544974643, vstest.console.dll, TestRequestManager.RunTests: run tests completed.
TpTrace Information: 0 : 45052, 1, 2024/08/31, 12:07:14.484, 9608544975097, vstest.console.dll, RunTestsArgumentProcessor:Execute: Test run is completed.
TpTrace Verbose: 0 : 45052, 13, 2024/08/31, 12:07:14.484, 9608544973897, vstest.console.dll, MulticastDelegateUtilities.SafeInvoke: LengthPrefixCommunicationChannel: MessageReceived: Invoking callback 1/1 for Microsoft.VisualStudio.TestPlatform.CommunicationUtilities.TestRequestSender+<>c__DisplayClass34_0., took 103 ms.
TpTrace Information: 0 : 45052, 13, 2024/08/31, 12:07:14.484, 9608544976193, vstest.console.dll, SocketServer.PrivateStop: Stopping server endPoint: 127.0.0.1:56146 error: 
TpTrace Verbose: 0 : 45052, 1, 2024/08/31, 12:07:14.484, 9608544976475, vstest.console.dll, Executor.Execute: Exiting with exit code of 0
TpTrace Verbose: 0 : 45052, 13, 2024/08/31, 12:07:14.484, 9608544980909, vstest.console.dll, LengthPrefixCommunicationChannel.Dispose: Dispose reader and writer.
TpTrace Information: 0 : 45052, 13, 2024/08/31, 12:07:14.485, 9608544981499, vstest.console.dll, SocketServer.Stop: Raise disconnected event endPoint: 127.0.0.1:56146 error: 
TpTrace Verbose: 0 : 45052, 13, 2024/08/31, 12:07:14.485, 9608544982134, vstest.console.dll, TestRequestSender: OnTestRunAbort: Operation is already complete. Skip error message.
TpTrace Verbose: 0 : 45052, 13, 2024/08/31, 12:07:14.485, 9608544982315, vstest.console.dll, MulticastDelegateUtilities.SafeInvoke: SocketServer: ClientDisconnected: Invoking callback 1/1 for Microsoft.VisualStudio.TestPlatform.CommunicationUtilities.TestRequestSender., took 0 ms.
TpTrace Verbose: 0 : 45052, 13, 2024/08/31, 12:07:14.485, 9608544982467, vstest.console.dll, TcpClientExtensions.MessageLoopAsync: exiting MessageLoopAsync remoteEndPoint: 127.0.0.1:56147 localEndPoint: 127.0.0.1:56146
