<?xml version="1.0" encoding="utf-8"?>
<coverage line-rate="0.9245" branch-rate="0.8" version="1.9" timestamp="1725077234" lines-covered="49" lines-valid="53" branches-covered="8" branches-valid="10">
  <sources>
    <source>D:\E\OOP\UnitTest\Employee\</source>
    <source>C:\</source>
  </sources>
  <packages>
    <package name="Employee" line-rate="0.8571" branch-rate="0.8" complexity="15">
      <classes>
        <class name="Program" filename="Employee\Program.cs" line-rate="0" branch-rate="1" complexity="1">
          <methods>
            <method name="&lt;Main&gt;$" signature="(System.String[])" line-rate="0" branch-rate="1" complexity="1">
              <lines>
                <line number="3" hits="0" branch="False" />
                <line number="4" hits="0" branch="False" />
                <line number="5" hits="0" branch="False" />
              </lines>
            </method>
          </methods>
          <lines>
            <line number="3" hits="0" branch="False" />
            <line number="4" hits="0" branch="False" />
            <line number="5" hits="0" branch="False" />
          </lines>
        </class>
        <class name="Employee.EmployeeSalary" filename="Employee\EmployeeSalary.cs" line-rate="1" branch-rate="0.8" complexity="10">
          <methods>
            <method name="GetSalary" signature="(System.Int32)" line-rate="1" branch-rate="0.8" complexity="10">
              <lines>
                <line number="12" hits="5" branch="False" />
                <line number="13" hits="5" branch="True" condition-coverage="100% (2/2)">
                  <conditions>
                    <condition number="7" type="jump" coverage="100%" />
                  </conditions>
                </line>
                <line number="14" hits="1" branch="False" />
                <line number="15" hits="4" branch="True" condition-coverage="75% (3/4)">
                  <conditions>
                    <condition number="17" type="jump" coverage="50%" />
                    <condition number="31" type="jump" coverage="100%" />
                  </conditions>
                </line>
                <line number="16" hits="2" branch="False" />
                <line number="17" hits="2" branch="False" />
                <line number="19" hits="2" branch="True" condition-coverage="75% (3/4)">
                  <conditions>
                    <condition number="48" type="jump" coverage="50%" />
                    <condition number="62" type="jump" coverage="100%" />
                  </conditions>
                </line>
                <line number="20" hits="1" branch="False" />
                <line number="21" hits="1" branch="False" />
                <line number="24" hits="1" branch="False" />
                <line number="25" hits="4" branch="False" />
              </lines>
            </method>
          </methods>
          <lines>
            <line number="12" hits="5" branch="False" />
            <line number="13" hits="5" branch="True" condition-coverage="100% (2/2)">
              <conditions>
                <condition number="7" type="jump" coverage="100%" />
              </conditions>
            </line>
            <line number="14" hits="1" branch="False" />
            <line number="15" hits="4" branch="True" condition-coverage="75% (3/4)">
              <conditions>
                <condition number="17" type="jump" coverage="50%" />
                <condition number="31" type="jump" coverage="100%" />
              </conditions>
            </line>
            <line number="16" hits="2" branch="False" />
            <line number="17" hits="2" branch="False" />
            <line number="19" hits="2" branch="True" condition-coverage="75% (3/4)">
              <conditions>
                <condition number="48" type="jump" coverage="50%" />
                <condition number="62" type="jump" coverage="100%" />
              </conditions>
            </line>
            <line number="20" hits="1" branch="False" />
            <line number="21" hits="1" branch="False" />
            <line number="24" hits="1" branch="False" />
            <line number="25" hits="4" branch="False" />
          </lines>
        </class>
        <class name="Employee.Order" filename="Employee\IOrderRepository.cs" line-rate="1" branch-rate="1" complexity="2">
          <methods>
            <method name="get_Id" signature="()" line-rate="1" branch-rate="1" complexity="1">
              <lines>
                <line number="16" hits="2" branch="False" />
              </lines>
            </method>
            <method name="get_ProductName" signature="()" line-rate="1" branch-rate="1" complexity="1">
              <lines>
                <line number="17" hits="2" branch="False" />
              </lines>
            </method>
          </methods>
          <lines>
            <line number="16" hits="2" branch="False" />
            <line number="17" hits="2" branch="False" />
          </lines>
        </class>
        <class name="Employee.OrderService" filename="Employee\OrderService.cs" line-rate="1" branch-rate="1" complexity="2">
          <methods>
            <method name="GetOrderById" signature="(System.Int32)" line-rate="1" branch-rate="1" complexity="1">
              <lines>
                <line number="17" hits="1" branch="False" />
              </lines>
            </method>
            <method name=".ctor" signature="(Employee.IOrderRepository)" line-rate="1" branch-rate="1" complexity="1">
              <lines>
                <line number="12" hits="1" branch="False" />
                <line number="13" hits="1" branch="False" />
                <line number="14" hits="1" branch="False" />
                <line number="15" hits="1" branch="False" />
              </lines>
            </method>
          </methods>
          <lines>
            <line number="17" hits="1" branch="False" />
            <line number="12" hits="1" branch="False" />
            <line number="13" hits="1" branch="False" />
            <line number="14" hits="1" branch="False" />
            <line number="15" hits="1" branch="False" />
          </lines>
        </class>
      </classes>
    </package>
    <package name="EmployeeXUnitTest" line-rate="0.9687" branch-rate="1" complexity="9">
      <classes>
        <class name="AutoGeneratedProgram" filename="Users\Mia\.nuget\packages\microsoft.net.test.sdk\17.8.0\build\netcoreapp3.1\Microsoft.NET.Test.Sdk.Program.cs" line-rate="0" branch-rate="1" complexity="1">
          <methods>
            <method name="Main" signature="(System.String[])" line-rate="0" branch-rate="1" complexity="1">
              <lines>
                <line number="4" hits="0" branch="False" />
              </lines>
            </method>
          </methods>
          <lines>
            <line number="4" hits="0" branch="False" />
          </lines>
        </class>
        <class name="EmployeeXUnitTest.GetSalaryXUnitTest" filename="EmployeeXUnitTest\GetSalaryXUnitTest.cs" line-rate="1" branch-rate="1" complexity="4">
          <methods>
            <method name="get__employeeSalary" signature="()" line-rate="1" branch-rate="1" complexity="1">
              <lines>
                <line number="7" hits="12" branch="False" />
              </lines>
            </method>
            <method name="GetSalaryByGradeXUnit" signature="()" line-rate="1" branch-rate="1" complexity="1">
              <lines>
                <line number="14" hits="1" branch="False" />
                <line number="17" hits="1" branch="False" />
                <line number="20" hits="1" branch="False" />
                <line number="23" hits="1" branch="False" />
                <line number="24" hits="1" branch="False" />
              </lines>
            </method>
            <method name="GetSalarybyGradeParameter" signature="(System.Int32,System.Double)" line-rate="1" branch-rate="1" complexity="1">
              <lines>
                <line number="32" hits="3" branch="False" />
                <line number="36" hits="3" branch="False" />
                <line number="38" hits="3" branch="False" />
                <line number="39" hits="3" branch="False" />
              </lines>
            </method>
            <method name=".ctor" signature="()" line-rate="1" branch-rate="1" complexity="1">
              <lines>
                <line number="8" hits="4" branch="False" />
                <line number="9" hits="4" branch="False" />
                <line number="10" hits="4" branch="False" />
                <line number="11" hits="4" branch="False" />
              </lines>
            </method>
          </methods>
          <lines>
            <line number="7" hits="12" branch="False" />
            <line number="14" hits="1" branch="False" />
            <line number="17" hits="1" branch="False" />
            <line number="20" hits="1" branch="False" />
            <line number="23" hits="1" branch="False" />
            <line number="24" hits="1" branch="False" />
            <line number="32" hits="3" branch="False" />
            <line number="36" hits="3" branch="False" />
            <line number="38" hits="3" branch="False" />
            <line number="39" hits="3" branch="False" />
            <line number="8" hits="4" branch="False" />
            <line number="9" hits="4" branch="False" />
            <line number="10" hits="4" branch="False" />
            <line number="11" hits="4" branch="False" />
          </lines>
        </class>
        <class name="EmployeeXUnitTest.OrderServiceTest" filename="EmployeeXUnitTest\OrderServiceTest.cs" line-rate="1" branch-rate="1" complexity="1">
          <methods>
            <method name="GetOrderByIdInCorrectOrder" signature="()" line-rate="1" branch-rate="1" complexity="1">
              <lines>
                <line number="15" hits="1" branch="False" />
                <line number="17" hits="1" branch="False" />
                <line number="18" hits="1" branch="False" />
                <line number="19" hits="1" branch="False" />
                <line number="22" hits="1" branch="False" />
                <line number="24" hits="1" branch="False" />
                <line number="25" hits="1" branch="False" />
                <line number="26" hits="1" branch="False" />
              </lines>
            </method>
          </methods>
          <lines>
            <line number="15" hits="1" branch="False" />
            <line number="17" hits="1" branch="False" />
            <line number="18" hits="1" branch="False" />
            <line number="19" hits="1" branch="False" />
            <line number="22" hits="1" branch="False" />
            <line number="24" hits="1" branch="False" />
            <line number="25" hits="1" branch="False" />
            <line number="26" hits="1" branch="False" />
          </lines>
        </class>
        <class name="EmployeeXUnitTest.ThrowsDivedByZeroExceptionTest" filename="EmployeeXUnitTest\ThrowsDivedByZeroExceptionTest.cs" line-rate="1" branch-rate="1" complexity="3">
          <methods>
            <method name="get__employeeSalary" signature="()" line-rate="1" branch-rate="1" complexity="1">
              <lines>
                <line number="12" hits="3" branch="False" />
              </lines>
            </method>
            <method name="GetDividedByZeroException" signature="()" line-rate="1" branch-rate="1" complexity="1">
              <lines>
                <line number="19" hits="1" branch="False" />
                <line number="21" hits="1" branch="False" />
                <line number="27" hits="2" branch="False" />
                <line number="28" hits="1" branch="False" />
              </lines>
            </method>
            <method name=".ctor" signature="()" line-rate="1" branch-rate="1" complexity="1">
              <lines>
                <line number="13" hits="1" branch="False" />
                <line number="14" hits="1" branch="False" />
                <line number="15" hits="1" branch="False" />
                <line number="16" hits="1" branch="False" />
              </lines>
            </method>
          </methods>
          <lines>
            <line number="12" hits="3" branch="False" />
            <line number="19" hits="1" branch="False" />
            <line number="21" hits="1" branch="False" />
            <line number="27" hits="2" branch="False" />
            <line number="28" hits="1" branch="False" />
            <line number="13" hits="1" branch="False" />
            <line number="14" hits="1" branch="False" />
            <line number="15" hits="1" branch="False" />
            <line number="16" hits="1" branch="False" />
          </lines>
        </class>
      </classes>
    </package>
  </packages>
</coverage>