<?xml version="1.0" encoding="utf-8"?>
<!DOCTYPE coverage SYSTEM "http://cobertura.sourceforge.net/xml/coverage-04.dtd">
<coverage line-rate="0.571428571428571" branch-rate="0.5" lines-covered="20" lines-valid="35" branches-covered="5" branches-valid="10" complexity="20" version="0" timestamp="1725106283">
  <sources>
    <source>D:\E\OOP\UnitTest\Employee\</source>
    <source>C:\</source>
  </sources>
  <packages>
    <package name="Employee" line-rate="0.333333333333333" branch-rate="0.5" complexity="15">
      <classes>
        <class name="Employee.EmployeeSalary" filename="D:\E\OOP\UnitTest\Employee\Employee\EmployeeSalary.cs" line-rate="0.636363636363636" branch-rate="0.5" complexity="10">
          <methods>
            <method name="GetSalary" signature="(...)" line-rate="0.636363636363636" branch-rate="0.5" complexity="10">
              <lines>
                <line number="12" hits="4" branch="false" />
                <line number="13" hits="4" branch="true" condition-coverage="50% (1/2)" />
                <line number="14" hits="0" branch="false" />
                <line number="15" hits="4" branch="true" condition-coverage="50% (2/4)" />
                <line number="16" hits="0" branch="false" />
                <line number="17" hits="0" branch="false" />
                <line number="19" hits="4" branch="true" condition-coverage="50% (2/4)" />
                <line number="20" hits="4" branch="false" />
                <line number="21" hits="4" branch="false" />
                <line number="24" hits="0" branch="false" />
                <line number="25" hits="4" branch="false" />
              </lines>
            </method>
          </methods>
          <lines>
            <line number="12" hits="4" branch="false" />
            <line number="13" hits="4" branch="true" condition-coverage="50% (1/2)" />
            <line number="14" hits="0" branch="false" />
            <line number="15" hits="4" branch="true" condition-coverage="50% (2/4)" />
            <line number="16" hits="0" branch="false" />
            <line number="17" hits="0" branch="false" />
            <line number="19" hits="4" branch="true" condition-coverage="50% (2/4)" />
            <line number="20" hits="4" branch="false" />
            <line number="21" hits="4" branch="false" />
            <line number="24" hits="0" branch="false" />
            <line number="25" hits="4" branch="false" />
          </lines>
        </class>
        <class name="Employee.Order" filename="D:\E\OOP\UnitTest\Employee\Employee\IOrderRepository.cs" line-rate="0" branch-rate="1" complexity="2">
          <methods>
            <method name="get_Id" signature="()" line-rate="0" branch-rate="1" complexity="1">
              <lines>
                <line number="16" hits="0" branch="false" />
              </lines>
            </method>
            <method name="get_ProductName" signature="()" line-rate="0" branch-rate="1" complexity="1">
              <lines>
                <line number="17" hits="0" branch="false" />
              </lines>
            </method>
          </methods>
          <lines>
            <line number="16" hits="0" branch="false" />
            <line number="17" hits="0" branch="false" />
          </lines>
        </class>
        <class name="Employee.OrderService" filename="D:\E\OOP\UnitTest\Employee\Employee\OrderService.cs" line-rate="0" branch-rate="1" complexity="2">
          <methods>
            <method name="GetOrderById" signature="(...)" line-rate="0" branch-rate="1" complexity="1">
              <lines>
                <line number="17" hits="0" branch="false" />
              </lines>
            </method>
            <method name=".ctor" signature="(...)" line-rate="0" branch-rate="1" complexity="1">
              <lines>
                <line number="12" hits="0" branch="false" />
                <line number="13" hits="0" branch="false" />
                <line number="14" hits="0" branch="false" />
                <line number="15" hits="0" branch="false" />
              </lines>
            </method>
          </methods>
          <lines>
            <line number="12" hits="0" branch="false" />
            <line number="13" hits="0" branch="false" />
            <line number="14" hits="0" branch="false" />
            <line number="15" hits="0" branch="false" />
            <line number="17" hits="0" branch="false" />
          </lines>
        </class>
        <class name="Program" filename="D:\E\OOP\UnitTest\Employee\Employee\Program.cs" line-rate="0" branch-rate="1" complexity="1">
          <methods>
            <method name="&lt;Main&gt;$" signature="(...)" line-rate="0" branch-rate="1" complexity="1">
              <lines>
                <line number="3" hits="0" branch="false" />
                <line number="4" hits="0" branch="false" />
                <line number="5" hits="0" branch="false" />
              </lines>
            </method>
          </methods>
          <lines>
            <line number="3" hits="0" branch="false" />
            <line number="4" hits="0" branch="false" />
            <line number="5" hits="0" branch="false" />
          </lines>
        </class>
      </classes>
    </package>
    <package name="EmployeeTest" line-rate="0.928571428571429" branch-rate="1" complexity="5">
      <classes>
        <class name="AutoGeneratedProgram" filename="C:\Users\Mia\.nuget\packages\microsoft.net.test.sdk\17.8.0\build\netcoreapp3.1\Microsoft.NET.Test.Sdk.Program.cs" line-rate="0" branch-rate="1" complexity="1">
          <methods>
            <method name="Main" signature="(...)" line-rate="0" branch-rate="1" complexity="1">
              <lines>
                <line number="4" hits="0" branch="false" />
              </lines>
            </method>
          </methods>
          <lines>
            <line number="4" hits="0" branch="false" />
          </lines>
        </class>
        <class name="EmployeeTest.GetSalaryTest" filename="D:\E\OOP\UnitTest\Employee\EmployeeTest\GetSalaryTest.cs" line-rate="1" branch-rate="1" complexity="4">
          <methods>
            <method name="get__employeeSalary" signature="()" line-rate="1" branch-rate="1" complexity="1">
              <lines>
                <line number="7" hits="9" branch="false" />
              </lines>
            </method>
            <method name="Setup" signature="()" line-rate="1" branch-rate="1" complexity="1">
              <lines>
                <line number="10" hits="4" branch="false" />
                <line number="11" hits="4" branch="false" />
                <line number="12" hits="4" branch="false" />
              </lines>
            </method>
            <method name="GetSalaryByGrade" signature="()" line-rate="1" branch-rate="1" complexity="1">
              <lines>
                <line number="16" hits="1" branch="false" />
                <line number="18" hits="1" branch="false" />
                <line number="21" hits="1" branch="false" />
                <line number="25" hits="1" branch="false" />
                <line number="26" hits="1" branch="false" />
              </lines>
            </method>
            <method name="GetSalaryByMultipleGrade" signature="(...)" line-rate="1" branch-rate="1" complexity="1">
              <lines>
                <line number="31" hits="3" branch="false" />
                <line number="36" hits="3" branch="false" />
                <line number="40" hits="3" branch="false" />
                <line number="41" hits="3" branch="false" />
              </lines>
            </method>
          </methods>
          <lines>
            <line number="7" hits="9" branch="false" />
            <line number="10" hits="4" branch="false" />
            <line number="11" hits="4" branch="false" />
            <line number="12" hits="4" branch="false" />
            <line number="16" hits="1" branch="false" />
            <line number="18" hits="1" branch="false" />
            <line number="21" hits="1" branch="false" />
            <line number="25" hits="1" branch="false" />
            <line number="26" hits="1" branch="false" />
            <line number="31" hits="3" branch="false" />
            <line number="36" hits="3" branch="false" />
            <line number="40" hits="3" branch="false" />
            <line number="41" hits="3" branch="false" />
          </lines>
        </class>
      </classes>
    </package>
  </packages>
</coverage>